{"meta": {"version": "5.2.1", "timestamp": "2020-08-08T08:53:18.975465", "branch_coverage": false, "show_contexts": false}, "files": {"env/lib/python3.8/site-packages/_pytest/__init__.py": {"executed_lines": [1, 3, 4], "summary": {"covered_lines": 3, "num_statements": 5, "percent_covered": 60.0, "missing_lines": 2, "excluded_lines": 0}, "missing_lines": [5, 8], "excluded_lines": []}, "env/lib/python3.8/site-packages/_pytest/_argcomplete.py": {"executed_lines": [1, 56, 57, 58, 59, 60, 61, 62, 65, 66, 68, 71, 93, 106, 107, 109], "summary": {"covered_lines": 14, "num_statements": 37, "percent_covered": 37.83783783783784, "missing_lines": 23, "excluded_lines": 0}, "missing_lines": [69, 73, 74, 76, 77, 78, 79, 81, 82, 83, 84, 85, 86, 87, 89, 90, 94, 95, 96, 97, 98, 100, 101], "excluded_lines": []}, "env/lib/python3.8/site-packages/_pytest/_code/__init__.py": {"executed_lines": [1, 2, 3, 4, 5, 6, 7, 8, 9, 10, 12], "summary": {"covered_lines": 10, "num_statements": 10, "percent_covered": 100.0, "missing_lines": 0, "excluded_lines": 0}, "missing_lines": [], "excluded_lines": []}, "env/lib/python3.8/site-packages/_pytest/_code/code.py": {"executed_lines": [1, 2, 3, 4, 5, 6, 7, 8, 9, 10, 11, 12, 13, 14, 15, 16, 17, 18, 19, 20, 21, 22, 23, 24, 25, 26, 28, 29, 30, 32, 33, 34, 35, 36, 37, 38, 39, 40, 41, 42, 43, 45, 53, 54, 56, 57, 58, 59, 61, 62, 63, 64, 66, 70, 72, 73, 77, 79, 80, 82, 84, 90, 91, 96, 101, 116, 117, 120, 127, 128, 134, 145, 149, 164, 165, 167, 168, 170, 179, 183, 184, 187, 188, 191, 194, 195, 201, 202, 206, 207, 211, 214, 238, 240, 257, 275, 276, 281, 282, 284, 303, 335, 336, 339, 340, 343, 351, 365, 373, 399, 404, 407, 408, 409, 411, 413, 414, 415, 417, 418, 443, 444, 464, 465, 469, 474, 475, 482, 483, 490, 491, 498, 499, 506, 507, 513, 514, 517, 524, 540, 549, 555, 613, 628, 629, 630, 633, 634, 636, 637, 638, 639, 640, 641, 642, 643, 645, 660, 666, 674, 702, 716, 743, 776, 786, 809, 850, 898, 899, 900, 908, 911, 916, 917, 919, 920, 922, 925, 928, 934, 935, 936, 942, 949, 958, 959, 960, 961, 963, 968, 969, 970, 971, 972, 974, 976, 995, 996, 1002, 1003, 1004, 1005, 1007, 1011, 1012, 1013, 1014, 1015, 1016, 1017, 1019, 1067, 1089, 1095, 1096, 1097, 1098, 1099, 1101, 1112, 1113, 1114, 1116, 1121, 1122, 1123, 1125, 1144, 1154, 1155, 1158, 1159, 1175, 1183, 1185, 1186, 1187, 1188, 1191], "summary": {"covered_lines": 233, "num_statements": 673, "percent_covered": 34.62109955423477, "missing_lines": 440, "excluded_lines": 0}, "missing_lines": [46, 47, 48, 50, 60, 67, 78, 83, 85, 88, 93, 94, 99, 108, 109, 110, 111, 112, 113, 121, 122, 123, 124, 125, 130, 131, 132, 141, 142, 143, 147, 155, 156, 157, 158, 159, 160, 161, 175, 176, 177, 180, 181, 185, 189, 192, 197, 198, 199, 204, 209, 212, 218, 219, 220, 221, 222, 223, 224, 225, 226, 227, 228, 231, 232, 234, 235, 236, 249, 250, 253, 254, 255, 258, 259, 260, 261, 262, 263, 264, 268, 278, 290, 291, 293, 294, 295, 296, 297, 299, 301, 319, 320, 321, 322, 332, 333, 337, 341, 346, 347, 349, 363, 367, 368, 369, 370, 371, 376, 377, 382, 384, 385, 386, 387, 388, 389, 394, 395, 396, 433, 434, 435, 436, 437, 438, 439, 441, 457, 458, 459, 460, 461, 462, 467, 471, 472, 477, 480, 485, 488, 493, 496, 501, 504, 509, 510, 511, 515, 518, 519, 520, 532, 533, 534, 535, 536, 537, 538, 547, 550, 551, 552, 553, 592, 593, 602, 611, 619, 620, 621, 622, 623, 625, 647, 648, 649, 650, 651, 652, 653, 654, 655, 656, 657, 658, 661, 662, 663, 664, 667, 668, 669, 670, 671, 672, 682, 683, 684, 685, 686, 687, 688, 689, 690, 692, 693, 694, 695, 696, 697, 698, 699, 700, 705, 706, 708, 709, 710, 711, 712, 713, 714, 717, 718, 719, 720, 721, 722, 723, 724, 729, 730, 732, 735, 740, 741, 746, 747, 748, 749, 750, 751, 752, 754, 755, 756, 757, 758, 759, 760, 762, 763, 764, 765, 766, 767, 768, 769, 770, 772, 773, 774, 777, 778, 779, 780, 781, 782, 783, 784, 787, 788, 789, 791, 792, 794, 796, 797, 798, 799, 800, 801, 803, 804, 805, 806, 807, 823, 824, 825, 826, 827, 840, 842, 843, 844, 846, 848, 851, 854, 855, 856, 857, 858, 859, 860, 861, 862, 868, 871, 873, 874, 875, 876, 881, 882, 885, 886, 891, 893, 894, 895, 903, 904, 905, 906, 909, 912, 923, 926, 929, 930, 931, 943, 946, 947, 950, 951, 952, 953, 954, 955, 964, 965, 978, 979, 980, 981, 982, 983, 984, 989, 991, 992, 997, 998, 999, 1008, 1033, 1034, 1039, 1040, 1041, 1042, 1043, 1044, 1045, 1046, 1047, 1048, 1052, 1053, 1055, 1056, 1058, 1059, 1061, 1064, 1065, 1068, 1069, 1070, 1071, 1072, 1073, 1074, 1076, 1077, 1079, 1081, 1082, 1083, 1084, 1085, 1086, 1087, 1090, 1104, 1105, 1106, 1107, 1108, 1109, 1117, 1118, 1126, 1127, 1128, 1129, 1130, 1131, 1132, 1133, 1135, 1136, 1138, 1139, 1140, 1141, 1156, 1160, 1161, 1162, 1163, 1164, 1166, 1167, 1168, 1169, 1170, 1171, 1172, 1173, 1202, 1203, 1204, 1205, 1208, 1209], "excluded_lines": []}, "env/lib/python3.8/site-packages/_pytest/_code/source.py": {"executed_lines": [1, 2, 3, 4, 5, 6, 7, 8, 9, 10, 11, 12, 14, 17, 18, 23, 37, 43, 45, 46, 49, 50, 53, 63, 66, 69, 82, 90, 97, 106, 112, 121, 131, 133, 134, 146, 150, 172], "summary": {"covered_lines": 37, "num_statements": 140, "percent_covered": 26.428571428571427, "missing_lines": 103, "excluded_lines": 0}, "missing_lines": [24, 25, 26, 27, 28, 29, 30, 31, 33, 34, 35, 38, 39, 40, 47, 51, 54, 55, 57, 58, 59, 60, 61, 64, 67, 73, 74, 75, 76, 77, 78, 79, 80, 86, 87, 88, 94, 95, 101, 102, 103, 104, 108, 109, 110, 113, 122, 123, 124, 125, 126, 127, 128, 135, 136, 137, 138, 139, 140, 141, 142, 143, 147, 153, 154, 155, 156, 157, 158, 159, 161, 162, 163, 164, 165, 166, 168, 169, 178, 179, 182, 183, 184, 186, 191, 192, 194, 197, 199, 200, 201, 202, 203, 204, 205, 206, 207, 210, 211, 212, 213, 215, 216], "excluded_lines": []}, "env/lib/python3.8/site-packages/_pytest/_io/__init__.py": {"executed_lines": [1, 2, 5], "summary": {"covered_lines": 3, "num_statements": 3, "percent_covered": 100.0, "missing_lines": 0, "excluded_lines": 0}, "missing_lines": [], "excluded_lines": []}, "env/lib/python3.8/site-packages/_pytest/_io/saferepr.py": {"executed_lines": [1, 2, 3, 4, 5, 6, 9, 18, 30, 38, 39, 43, 48, 57, 67, 78, 88, 89, 91, 116], "summary": {"covered_lines": 18, "num_statements": 67, "percent_covered": 26.865671641791046, "missing_lines": 49, "excluded_lines": 0}, "missing_lines": [10, 11, 12, 13, 14, 15, 19, 20, 21, 22, 23, 24, 25, 31, 32, 33, 34, 35, 44, 45, 46, 49, 50, 51, 52, 53, 54, 55, 58, 59, 60, 61, 62, 63, 64, 72, 73, 74, 75, 85, 101, 103, 104, 106, 109, 111, 112, 113, 124], "excluded_lines": []}, "env/lib/python3.8/site-packages/_pytest/_io/terminalwriter.py": {"executed_lines": [1, 2, 3, 4, 5, 6, 7, 9, 15, 16, 19, 22, 25, 26, 28, 30, 32, 34, 39, 40, 63, 64, 65, 66, 74, 75, 76, 77, 78, 80, 81, 82, 84, 86, 87, 90, 91, 93, 95, 96, 97, 99, 100, 101, 102, 103, 105, 112, 113, 116, 122, 127, 128, 129, 137, 138, 140, 142, 143, 144, 145, 146, 148, 150, 152, 153, 164, 165, 167, 168, 169, 171, 172, 174, 194], "summary": {"covered_lines": 74, "num_statements": 111, "percent_covered": 66.66666666666667, "missing_lines": 37, "excluded_lines": 0}, "missing_lines": [20, 27, 29, 31, 33, 67, 68, 69, 70, 72, 73, 83, 88, 98, 121, 133, 154, 161, 162, 181, 182, 187, 188, 189, 190, 191, 192, 196, 197, 198, 199, 200, 201, 202, 203, 205, 208], "excluded_lines": []}, "env/lib/python3.8/site-packages/_pytest/_io/wcwidth.py": {"executed_lines": [1, 2, 5, 6, 12, 15, 16, 44, 49, 50, 51, 52, 54, 55], "summary": {"covered_lines": 14, "num_statements": 25, "percent_covered": 56.0, "missing_lines": 11, "excluded_lines": 0}, "missing_lines": [19, 25, 27, 30, 31, 34, 35, 38, 39, 41, 53], "excluded_lines": []}, "env/lib/python3.8/site-packages/_pytest/_version.py": {"executed_lines": [4], "summary": {"covered_lines": 1, "num_statements": 1, "percent_covered": 100.0, "missing_lines": 0, "excluded_lines": 0}, "missing_lines": [], "excluded_lines": []}, "env/lib/python3.8/site-packages/_pytest/assertion/__init__.py": {"executed_lines": [1, 4, 5, 6, 7, 8, 10, 11, 12, 13, 14, 15, 16, 17, 18, 20, 24, 25, 26, 40, 49, 75, 76, 78, 79, 82, 83, 85, 86, 87, 88, 91, 93, 94, 95, 96, 98, 99, 100, 101, 103, 104, 107, 111, 112, 113, 114, 117, 118, 127, 129, 157, 158, 160, 167, 169, 172, 173, 174, 175, 176, 179], "summary": {"covered_lines": 59, "num_statements": 84, "percent_covered": 70.23809523809524, "missing_lines": 25, "excluded_lines": 0}, "missing_lines": [21, 60, 61, 62, 63, 64, 65, 66, 67, 71, 72, 144, 147, 148, 149, 150, 151, 152, 153, 154, 155, 162, 163, 165, 182], "excluded_lines": []}, "env/lib/python3.8/site-packages/_pytest/assertion/rewrite.py": {"executed_lines": [1, 2, 3, 4, 5, 6, 7, 8, 9, 10, 11, 12, 13, 14, 15, 16, 17, 18, 19, 20, 21, 22, 23, 24, 26, 28, 29, 30, 31, 34, 35, 36, 37, 38, 39, 40, 41, 43, 47, 51, 52, 53, 56, 57, 59, 60, 61, 62, 65, 66, 67, 70, 71, 72, 73, 75, 76, 77, 80, 82, 88, 90, 91, 92, 93, 96, 97, 113, 115, 118, 125, 128, 130, 131, 132, 133, 134, 136, 146, 147, 148, 149, 150, 154, 155, 158, 159, 160, 161, 162, 163, 164, 165, 167, 170, 172, 180, 181, 182, 185, 187, 190, 191, 195, 197, 200, 202, 203, 205, 208, 209, 211, 213, 217, 218, 226, 227, 228, 229, 230, 234, 235, 236, 237, 238, 246, 247, 249, 267, 279, 285, 291, 293, 294, 296, 297, 300, 323, 329, 330, 331, 338, 339, 340, 348, 349, 352, 354, 355, 356, 357, 358, 359, 360, 361, 364, 371, 372, 375, 376, 377, 378, 379, 380, 385, 390, 391, 403, 410, 413, 427, 450, 460, 468, 488, 493, 499, 501, 528, 531, 532, 533, 534, 535, 536, 537, 539, 540, 543, 597, 598, 651, 654, 655, 656, 657, 658, 663, 665, 666, 669, 671, 676, 680, 681, 682, 684, 685, 686, 687, 696, 701, 702, 706, 709, 711, 712, 713, 714, 715, 716, 717, 718, 720, 722, 723, 724, 725, 726, 732, 734, 735, 738, 741, 742, 743, 745, 747, 748, 749, 751, 753, 755, 757, 758, 759, 761, 763, 764, 766, 775, 776, 777, 779, 790, 791, 793, 802, 803, 804, 805, 806, 807, 808, 809, 811, 812, 814, 816, 817, 818, 820, 829, 844, 845, 846, 848, 851, 852, 853, 855, 857, 859, 910, 911, 912, 916, 917, 918, 919, 920, 921, 922, 923, 925, 928, 929, 930, 931, 933, 934, 935, 937, 940, 941, 942, 943, 944, 945, 947, 982, 988, 996, 1023, 1029, 1030, 1032, 1033, 1034, 1035, 1036, 1037, 1039, 1040, 1041, 1042, 1044, 1045, 1046, 1047, 1048, 1049, 1050, 1051, 1052, 1053, 1055, 1056, 1057, 1058, 1059, 1060, 1061, 1062, 1064, 1071, 1074, 1075, 1078, 1081, 1082, 1095, 1098, 1100, 1109], "summary": {"covered_lines": 352, "num_statements": 607, "percent_covered": 57.99011532125206, "missing_lines": 255, "excluded_lines": 0}, "missing_lines": [44, 63, 64, 89, 111, 116, 151, 152, 169, 192, 201, 206, 214, 215, 219, 222, 232, 239, 240, 243, 244, 255, 258, 259, 260, 263, 264, 265, 268, 269, 271, 281, 282, 301, 303, 309, 310, 311, 312, 313, 317, 318, 332, 333, 336, 341, 342, 346, 373, 374, 381, 382, 383, 392, 393, 394, 395, 396, 397, 398, 399, 400, 424, 439, 440, 441, 442, 444, 445, 447, 451, 452, 454, 455, 456, 457, 461, 462, 463, 465, 474, 475, 476, 477, 478, 479, 480, 481, 482, 483, 484, 485, 489, 490, 496, 545, 547, 548, 549, 550, 552, 554, 555, 556, 557, 558, 559, 561, 562, 563, 564, 565, 567, 568, 569, 570, 572, 573, 574, 576, 578, 579, 580, 582, 583, 586, 587, 588, 589, 590, 591, 592, 594, 662, 667, 673, 683, 692, 693, 694, 695, 703, 705, 736, 810, 830, 831, 834, 835, 849, 860, 863, 864, 865, 867, 868, 869, 870, 871, 872, 873, 874, 875, 876, 877, 880, 881, 882, 891, 896, 899, 900, 901, 902, 905, 906, 913, 914, 948, 949, 950, 951, 952, 953, 954, 955, 957, 958, 959, 961, 962, 963, 964, 965, 966, 967, 968, 969, 970, 971, 972, 973, 974, 975, 976, 977, 978, 979, 980, 983, 984, 985, 986, 989, 990, 991, 992, 993, 994, 1000, 1001, 1002, 1003, 1004, 1005, 1006, 1007, 1008, 1009, 1010, 1011, 1012, 1014, 1016, 1017, 1018, 1019, 1020, 1021, 1025, 1026, 1027, 1031, 1043, 1054, 1072, 1083, 1087, 1088, 1089, 1090, 1092, 1093, 1094, 1106], "excluded_lines": []}, "env/lib/python3.8/site-packages/_pytest/assertion/truncate.py": {"executed_lines": [1, 7, 8, 9, 11, 14, 15, 16, 19, 30, 38, 44, 87], "summary": {"covered_lines": 12, "num_statements": 52, "percent_covered": 23.076923076923077, "missing_lines": 40, "excluded_lines": 0}, "missing_lines": [25, 26, 27, 34, 35, 40, 41, 56, 57, 58, 59, 62, 63, 64, 68, 69, 72, 75, 76, 77, 78, 79, 81, 82, 83, 84, 89, 90, 93, 94, 95, 96, 97, 100, 101, 102, 103, 104, 105, 106], "excluded_lines": []}, "env/lib/python3.8/site-packages/_pytest/assertion/util.py": {"executed_lines": [1, 2, 3, 4, 5, 6, 7, 8, 9, 10, 11, 12, 14, 15, 16, 17, 18, 19, 25, 29, 32, 47, 64, 99, 103, 107, 111, 115, 119, 123, 131, 171, 193, 241, 253, 265, 296, 353, 370, 411, 462], "summary": {"covered_lines": 40, "num_statements": 293, "percent_covered": 13.651877133105803, "missing_lines": 253, "excluded_lines": 0}, "missing_lines": [42, 43, 44, 54, 55, 56, 57, 58, 60, 61, 73, 74, 75, 76, 77, 78, 79, 81, 82, 83, 84, 85, 86, 87, 88, 89, 91, 92, 93, 94, 95, 96, 100, 104, 108, 112, 116, 120, 124, 125, 126, 127, 128, 133, 134, 135, 136, 140, 143, 144, 146, 148, 149, 150, 151, 152, 153, 154, 155, 156, 157, 158, 165, 166, 168, 172, 173, 174, 176, 177, 178, 179, 180, 181, 182, 183, 184, 185, 186, 187, 188, 189, 190, 199, 201, 203, 204, 205, 206, 207, 208, 209, 210, 213, 214, 215, 216, 217, 218, 219, 220, 221, 225, 226, 227, 228, 229, 230, 231, 234, 238, 242, 243, 244, 246, 247, 248, 250, 255, 256, 257, 258, 259, 260, 261, 262, 268, 269, 271, 273, 274, 277, 278, 279, 280, 281, 283, 284, 285, 287, 290, 293, 299, 300, 301, 302, 303, 304, 305, 314, 315, 317, 318, 320, 323, 325, 329, 331, 332, 333, 334, 335, 337, 338, 339, 341, 342, 346, 350, 356, 357, 358, 359, 360, 361, 362, 363, 364, 365, 366, 367, 373, 374, 375, 376, 377, 378, 379, 380, 381, 382, 383, 384, 385, 386, 387, 388, 389, 390, 391, 395, 398, 399, 400, 401, 405, 408, 417, 418, 419, 420, 421, 422, 423, 427, 428, 429, 430, 431, 432, 434, 436, 437, 438, 439, 440, 441, 442, 443, 444, 445, 446, 447, 448, 449, 450, 455, 459, 463, 464, 465, 466, 467, 468, 469, 470, 471, 472, 473, 474, 475, 477, 478], "excluded_lines": []}, "env/lib/python3.8/site-packages/_pytest/cacheprovider.py": {"executed_lines": [1, 7, 8, 9, 10, 11, 12, 13, 14, 15, 17, 18, 20, 21, 22, 23, 24, 25, 26, 27, 28, 29, 30, 31, 32, 33, 34, 37, 48, 56, 57, 58, 59, 62, 65, 67, 68, 69, 70, 72, 74, 75, 82, 83, 84, 86, 96, 113, 114, 116, 127, 128, 129, 130, 134, 143, 144, 145, 146, 153, 155, 156, 157, 161, 162, 164, 177, 178, 182, 183, 225, 226, 229, 230, 243, 244, 246, 247, 248, 249, 250, 251, 254, 255, 256, 258, 264, 270, 271, 273, 275, 276, 277, 278, 281, 282, 283, 284, 290, 291, 294, 296, 297, 342, 343, 344, 347, 348, 349, 353, 354, 356, 357, 358, 359, 360, 362, 363, 366, 368, 382, 384, 387, 388, 389, 392, 395, 396, 399, 400, 401, 409, 418, 426, 436, 442, 443, 445, 446, 457, 458, 462, 465, 466, 467, 468, 469, 472, 473, 489, 491, 502, 505], "summary": {"covered_lines": 150, "num_statements": 302, "percent_covered": 49.66887417218543, "missing_lines": 152, "excluded_lines": 0}, "missing_lines": [71, 77, 78, 79, 80, 87, 88, 90, 106, 107, 108, 109, 110, 111, 131, 132, 148, 149, 150, 151, 152, 154, 158, 159, 166, 167, 169, 170, 171, 173, 174, 179, 180, 184, 185, 186, 189, 190, 193, 195, 196, 197, 198, 199, 200, 203, 204, 205, 206, 209, 211, 212, 221, 222, 227, 233, 234, 235, 237, 240, 259, 260, 266, 267, 268, 272, 279, 285, 286, 288, 299, 300, 301, 302, 303, 304, 306, 307, 309, 312, 316, 317, 318, 320, 322, 323, 324, 328, 329, 330, 334, 335, 336, 337, 338, 340, 345, 350, 369, 370, 371, 372, 373, 375, 377, 380, 385, 390, 393, 444, 459, 461, 485, 486, 492, 493, 497, 498, 499, 500, 501, 506, 508, 510, 511, 512, 513, 514, 516, 517, 518, 520, 521, 522, 523, 524, 525, 526, 527, 528, 530, 531, 532, 534, 535, 536, 537, 538, 541, 542, 543, 544], "excluded_lines": []}, "env/lib/python3.8/site-packages/_pytest/capture.py": {"executed_lines": [1, 5, 6, 7, 8, 9, 10, 11, 12, 13, 14, 15, 16, 18, 19, 20, 21, 22, 23, 24, 26, 32, 33, 34, 42, 51, 60, 67, 85, 92, 114, 119, 150, 151, 152, 153, 154, 155, 156, 157, 158, 159, 162, 165, 166, 167, 168, 177, 178, 180, 181, 186, 187, 193, 194, 197, 202, 203, 207, 212, 213, 215, 220, 221, 222, 224, 227, 230, 233, 234, 236, 237, 244, 247, 248, 249, 252, 254, 256, 257, 258, 259, 260, 261, 262, 265, 266, 268, 277, 286, 287, 293, 294, 295, 296, 298, 306, 307, 308, 310, 311, 312, 313, 315, 316, 317, 318, 320, 321, 322, 324, 325, 327, 334, 335, 337, 343, 349, 350, 355, 357, 358, 360, 361, 379, 380, 382, 383, 384, 386, 394, 395, 399, 401, 410, 411, 417, 419, 420, 421, 422, 424, 432, 435, 436, 438, 439, 440, 444, 445, 446, 448, 449, 450, 452, 453, 454, 456, 457, 458, 460, 461, 462, 464, 470, 471, 477, 479, 480, 481, 482, 483, 484, 485, 487, 494, 497, 498, 499, 501, 502, 503, 504, 506, 511, 512, 513, 514, 515, 516, 517, 518, 520, 522, 523, 525, 527, 529, 530, 531, 532, 533, 534, 535, 539, 540, 541, 542, 543, 544, 545, 549, 551, 553, 554, 555, 556, 557, 558, 559, 561, 562, 563, 566, 567, 570, 573, 574, 575, 590, 591, 603, 604, 605, 606, 608, 613, 622, 625, 626, 627, 628, 630, 631, 632, 633, 634, 636, 639, 640, 642, 643, 644, 646, 651, 655, 656, 657, 661, 672, 675, 679, 682, 684, 687, 691, 697, 698, 706, 707, 708, 709, 710, 711, 713, 714, 716, 717, 718, 722, 723, 724, 725, 726, 727, 728, 729, 730, 732, 735, 737, 738, 739, 740, 742, 743, 744, 745, 747, 748, 749, 750, 752, 753, 756, 757, 761, 762, 767, 774, 781, 789, 803, 808, 813, 814, 824, 825, 841, 842, 858, 859, 875, 876], "summary": {"covered_lines": 319, "num_statements": 507, "percent_covered": 62.91913214990138, "missing_lines": 188, "excluded_lines": 0}, "missing_lines": [27, 29, 61, 62, 63, 64, 86, 87, 88, 89, 122, 123, 125, 126, 128, 129, 131, 132, 133, 135, 137, 145, 146, 147, 169, 170, 171, 184, 190, 195, 198, 199, 204, 205, 208, 209, 216, 225, 228, 231, 238, 264, 269, 278, 299, 300, 301, 302, 303, 304, 309, 323, 328, 329, 330, 331, 338, 339, 340, 341, 344, 345, 346, 362, 374, 377, 397, 402, 425, 426, 427, 428, 429, 430, 437, 441, 442, 443, 451, 459, 466, 467, 489, 507, 524, 526, 536, 537, 546, 547, 552, 565, 569, 576, 577, 578, 579, 580, 581, 584, 609, 614, 615, 616, 617, 618, 623, 648, 649, 652, 653, 662, 663, 664, 665, 670, 673, 680, 685, 688, 689, 692, 693, 700, 701, 702, 704, 731, 733, 754, 758, 768, 769, 770, 771, 772, 775, 776, 779, 782, 783, 784, 785, 786, 787, 794, 795, 796, 797, 798, 799, 800, 801, 805, 806, 810, 811, 816, 817, 818, 832, 833, 834, 835, 836, 837, 838, 849, 850, 851, 852, 853, 854, 855, 866, 867, 868, 869, 870, 871, 872, 883, 884, 885, 886, 887, 888, 889], "excluded_lines": []}, "env/lib/python3.8/site-packages/_pytest/compat.py": {"executed_lines": [1, 4, 5, 6, 7, 8, 9, 10, 11, 12, 13, 14, 15, 16, 17, 18, 19, 20, 22, 23, 25, 26, 27, 29, 32, 35, 41, 42, 48, 49, 50, 53, 58, 59, 64, 69, 72, 82, 85, 86, 87, 90, 100, 103, 105, 110, 121, 140, 170, 171, 178, 187, 193, 198, 200, 203, 211, 214, 225, 228, 233, 237, 240, 244, 269, 270, 271, 278, 281, 285, 286, 290, 291, 292, 293, 294, 295, 296, 304, 306, 309, 314, 315, 316, 319, 321, 324, 331, 339, 340, 341, 342, 345, 347, 348, 353, 359, 360, 365, 366, 399, 400, 438], "summary": {"covered_lines": 101, "num_statements": 170, "percent_covered": 59.411764705882355, "missing_lines": 69, "excluded_lines": 2}, "missing_lines": [30, 36, 37, 38, 61, 65, 74, 78, 111, 112, 113, 114, 115, 116, 117, 118, 123, 124, 125, 127, 128, 130, 172, 173, 188, 196, 199, 205, 206, 207, 217, 234, 241, 262, 263, 265, 266, 297, 299, 305, 320, 325, 326, 327, 328, 349, 350, 355, 356, 362, 369, 370, 372, 373, 374, 376, 377, 380, 382, 383, 386, 388, 389, 390, 391, 392, 402, 404, 439], "excluded_lines": [317, 318]}, "env/lib/python3.8/site-packages/_pytest/config/__init__.py": {"executed_lines": [1, 2, 3, 4, 5, 6, 7, 8, 9, 10, 11, 12, 13, 14, 15, 16, 17, 18, 19, 20, 21, 22, 23, 24, 25, 26, 27, 29, 30, 31, 32, 33, 35, 36, 37, 38, 39, 40, 41, 42, 43, 44, 45, 46, 47, 48, 49, 50, 51, 52, 54, 62, 69, 70, 73, 74, 83, 85, 87, 89, 91, 93, 96, 97, 106, 112, 123, 134, 135, 136, 156, 157, 160, 161, 165, 173, 179, 180, 181, 182, 191, 192, 195, 206, 218, 226, 253, 254, 257, 262, 263, 270, 272, 274, 275, 277, 280, 292, 296, 297, 304, 305, 306, 307, 313, 316, 322, 323, 332, 333, 335, 337, 340, 341, 342, 343, 344, 346, 347, 348, 361, 363, 365, 369, 370, 372, 375, 376, 379, 383, 384, 385, 388, 390, 391, 392, 394, 395, 396, 397, 399, 402, 403, 409, 411, 414, 424, 425, 426, 430, 431, 432, 434, 439, 443, 446, 451, 456, 461, 469, 470, 475, 476, 477, 478, 479, 489, 490, 492, 495, 497, 498, 502, 503, 506, 509, 510, 512, 517, 518, 519, 521, 522, 525, 526, 528, 531, 532, 537, 539, 577, 601, 604, 605, 606, 624, 649, 652, 653, 655, 656, 658, 661, 662, 665, 674, 677, 680, 681, 683, 688, 689, 704, 705, 708, 713, 714, 716, 719, 722, 723, 730, 737, 738, 742, 745, 776, 777, 778, 792, 798, 799, 804, 808, 809, 812, 813, 823, 824, 825, 839, 841, 843, 844, 846, 852, 854, 859, 864, 866, 867, 871, 876, 877, 878, 879, 880, 881, 884, 885, 886, 887, 891, 896, 897, 899, 901, 904, 906, 907, 908, 909, 910, 911, 913, 914, 915, 916, 917, 918, 919, 920, 922, 928, 931, 932, 952, 954, 972, 979, 980, 989, 990, 991, 993, 994, 995, 997, 998, 999, 1001, 1002, 1005, 1011, 1012, 1013, 1014, 1015, 1021, 1023, 1030, 1031, 1032, 1033, 1035, 1036, 1040, 1041, 1043, 1049, 1051, 1055, 1062, 1065, 1067, 1068, 1069, 1073, 1075, 1077, 1078, 1079, 1080, 1085, 1086, 1087, 1091, 1092, 1093, 1094, 1097, 1098, 1099, 1102, 1103, 1106, 1107, 1125, 1127, 1128, 1130, 1131, 1146, 1147, 1150, 1151, 1152, 1153, 1182, 1192, 1193, 1194, 1196, 1198, 1201, 1204, 1206, 1207, 1208, 1209, 1212, 1213, 1214, 1215, 1216, 1217, 1221, 1225, 1226, 1227, 1229, 1234, 1235, 1236, 1237, 1238, 1240, 1241, 1242, 1245, 1246, 1247, 1248, 1249, 1250, 1251, 1252, 1253, 1254, 1290, 1293, 1294, 1297, 1298, 1308, 1309, 1313, 1325, 1327, 1336, 1337, 1338, 1339, 1341, 1351, 1353, 1355, 1359, 1360, 1382, 1383, 1384, 1385, 1386, 1391, 1398, 1399, 1401, 1404, 1405, 1408, 1411], "summary": {"covered_lines": 427, "num_statements": 734, "percent_covered": 58.17438692098093, "missing_lines": 307, "excluded_lines": 0}, "missing_lines": [55, 57, 58, 59, 102, 103, 104, 107, 120, 137, 138, 139, 140, 143, 146, 151, 152, 153, 154, 162, 163, 166, 167, 168, 169, 170, 183, 186, 187, 188, 201, 202, 203, 212, 213, 214, 289, 298, 299, 300, 301, 302, 308, 309, 310, 312, 317, 318, 319, 349, 350, 351, 352, 355, 356, 357, 358, 373, 380, 415, 423, 436, 437, 441, 480, 482, 483, 484, 485, 486, 487, 488, 499, 500, 507, 520, 523, 524, 533, 534, 535, 536, 547, 549, 550, 552, 553, 554, 556, 557, 558, 559, 560, 561, 563, 565, 566, 567, 568, 569, 570, 571, 572, 573, 574, 575, 580, 585, 594, 607, 608, 609, 610, 611, 612, 613, 614, 615, 616, 617, 619, 620, 621, 622, 625, 626, 627, 628, 631, 632, 633, 635, 636, 637, 639, 642, 643, 644, 645, 646, 647, 650, 663, 678, 684, 685, 686, 690, 691, 695, 696, 698, 717, 720, 724, 731, 732, 733, 734, 739, 779, 780, 781, 782, 784, 785, 786, 787, 788, 789, 790, 800, 801, 802, 803, 805, 855, 892, 894, 923, 926, 933, 938, 939, 941, 942, 945, 946, 950, 959, 960, 962, 963, 966, 967, 968, 969, 970, 974, 975, 976, 977, 982, 983, 984, 985, 986, 987, 1037, 1038, 1053, 1063, 1081, 1104, 1105, 1110, 1111, 1114, 1116, 1124, 1133, 1135, 1136, 1140, 1141, 1148, 1156, 1157, 1159, 1160, 1162, 1163, 1164, 1165, 1166, 1167, 1168, 1169, 1171, 1172, 1173, 1174, 1176, 1177, 1183, 1184, 1186, 1188, 1218, 1219, 1243, 1244, 1256, 1271, 1273, 1274, 1275, 1276, 1277, 1278, 1279, 1280, 1281, 1283, 1284, 1285, 1287, 1288, 1299, 1300, 1301, 1302, 1303, 1304, 1305, 1306, 1314, 1315, 1316, 1317, 1323, 1324, 1340, 1342, 1343, 1344, 1345, 1346, 1348, 1349, 1357, 1361, 1363, 1364, 1370, 1377, 1388, 1400, 1402, 1406, 1407, 1420, 1421, 1422, 1423, 1424, 1426], "excluded_lines": []}, "env/lib/python3.8/site-packages/_pytest/config/argparsing.py": {"executed_lines": [1, 2, 3, 4, 5, 6, 7, 8, 9, 10, 11, 12, 13, 14, 16, 18, 19, 20, 22, 26, 29, 30, 36, 38, 43, 44, 45, 46, 47, 48, 49, 51, 52, 53, 54, 56, 70, 71, 72, 73, 74, 75, 76, 77, 78, 79, 81, 97, 102, 104, 105, 106, 107, 109, 110, 112, 113, 114, 115, 116, 117, 118, 119, 120, 121, 122, 125, 126, 128, 134, 135, 136, 137, 139, 147, 149, 157, 158, 159, 161, 178, 179, 180, 183, 184, 189, 193, 200, 201, 208, 210, 212, 213, 214, 215, 222, 223, 224, 225, 228, 253, 254, 256, 257, 258, 259, 260, 261, 262, 263, 264, 272, 273, 275, 277, 278, 279, 280, 281, 282, 283, 284, 285, 286, 288, 289, 291, 295, 296, 302, 303, 309, 311, 317, 319, 333, 334, 337, 338, 339, 340, 342, 350, 353, 355, 356, 358, 359, 360, 362, 363, 364, 365, 367, 368, 369, 372, 373, 379, 380, 390, 392, 403, 409, 410, 418, 420, 423, 459, 460, 467, 469, 470, 471, 473, 513], "summary": {"covered_lines": 170, "num_statements": 251, "percent_covered": 67.72908366533865, "missing_lines": 81, "excluded_lines": 31}, "missing_lines": [23, 24, 95, 190, 191, 194, 195, 197, 216, 229, 230, 240, 242, 249, 251, 266, 267, 268, 269, 270, 297, 304, 312, 320, 321, 322, 323, 324, 325, 326, 327, 328, 329, 330, 354, 366, 394, 396, 398, 400, 411, 412, 413, 414, 415, 416, 417, 474, 475, 476, 477, 480, 481, 482, 483, 485, 486, 487, 488, 489, 490, 491, 492, 493, 496, 497, 498, 501, 504, 505, 506, 507, 508, 509, 510, 511, 518, 520, 521, 522, 523], "excluded_lines": [420, 423, 426, 427, 428, 429, 430, 431, 432, 433, 434, 435, 436, 437, 438, 439, 440, 441, 442, 443, 446, 447, 448, 449, 450, 451, 452, 453, 454, 455, 456]}, "env/lib/python3.8/site-packages/_pytest/config/exceptions.py": {"executed_lines": [1, 2, 5, 6, 9], "summary": {"covered_lines": 3, "num_statements": 3, "percent_covered": 100.0, "missing_lines": 0, "excluded_lines": 0}, "missing_lines": [], "excluded_lines": []}, "env/lib/python3.8/site-packages/_pytest/config/findpaths.py": {"executed_lines": [1, 2, 3, 4, 5, 6, 7, 9, 10, 12, 13, 14, 16, 20, 32, 81, 90, 96, 97, 98, 99, 100, 101, 102, 103, 104, 108, 111, 112, 113, 114, 116, 117, 119, 120, 127, 128, 129, 131, 134, 135, 138, 141, 147, 153, 156, 159, 165, 166, 167, 174, 175, 176, 177, 178, 182, 183, 184, 185, 186, 189, 190, 191, 193, 201, 202], "summary": {"covered_lines": 66, "num_statements": 119, "percent_covered": 55.46218487394958, "missing_lines": 53, "excluded_lines": 0}, "missing_lines": [17, 26, 27, 28, 29, 41, 42, 44, 45, 48, 49, 52, 53, 55, 56, 57, 60, 63, 64, 66, 68, 69, 73, 74, 76, 78, 105, 106, 107, 115, 121, 122, 124, 125, 126, 130, 136, 139, 142, 143, 144, 168, 169, 170, 171, 172, 179, 180, 188, 192, 194, 195, 196], "excluded_lines": []}, "env/lib/python3.8/site-packages/_pytest/debugging.py": {"executed_lines": [1, 2, 3, 4, 5, 6, 7, 8, 10, 11, 12, 13, 14, 15, 16, 17, 18, 19, 20, 22, 27, 38, 39, 40, 46, 54, 62, 63, 65, 67, 70, 73, 74, 75, 79, 80, 86, 89, 90, 92, 93, 94, 95, 96, 98, 99, 104, 105, 143, 144, 227, 228, 267, 268, 275, 276, 288, 293, 294, 295, 300, 319, 326, 357, 373], "summary": {"covered_lines": 63, "num_statements": 220, "percent_covered": 28.636363636363637, "missing_lines": 157, "excluded_lines": 0}, "missing_lines": [23, 24, 29, 30, 31, 32, 35, 66, 68, 100, 101, 102, 106, 107, 110, 112, 114, 115, 117, 118, 120, 121, 122, 125, 126, 127, 128, 129, 130, 131, 135, 137, 139, 140, 141, 145, 149, 150, 151, 153, 154, 155, 156, 157, 159, 160, 161, 162, 163, 165, 166, 167, 168, 169, 171, 176, 178, 179, 180, 181, 183, 185, 192, 194, 195, 197, 199, 200, 202, 208, 209, 212, 213, 214, 216, 217, 218, 220, 221, 222, 223, 225, 230, 232, 233, 235, 236, 237, 239, 240, 241, 243, 245, 246, 247, 249, 250, 251, 252, 253, 259, 261, 263, 264, 265, 270, 271, 272, 279, 280, 281, 282, 283, 284, 285, 286, 289, 290, 296, 297, 305, 306, 311, 312, 313, 314, 316, 322, 323, 332, 333, 335, 337, 342, 343, 344, 345, 346, 348, 349, 350, 351, 352, 353, 354, 358, 360, 363, 364, 367, 369, 370, 374, 375, 376, 377, 378], "excluded_lines": []}, "env/lib/python3.8/site-packages/_pytest/deprecated.py": {"executed_lines": [1, 12, 13, 17, 23, 28, 33, 38, 43, 51, 57, 62, 69, 75, 79, 84], "summary": {"covered_lines": 15, "num_statements": 15, "percent_covered": 100.0, "missing_lines": 0, "excluded_lines": 0}, "missing_lines": [], "excluded_lines": []}, "env/lib/python3.8/site-packages/_pytest/doctest.py": {"executed_lines": [1, 2, 3, 4, 5, 6, 7, 8, 9, 10, 11, 12, 13, 14, 15, 16, 17, 18, 19, 20, 22, 24, 25, 26, 27, 28, 29, 30, 31, 32, 33, 34, 35, 36, 37, 38, 40, 44, 45, 46, 47, 48, 50, 59, 61, 64, 65, 71, 74, 75, 82, 90, 98, 105, 114, 117, 120, 123, 124, 125, 128, 131, 134, 141, 142, 144, 145, 146, 148, 151, 152, 157, 164, 165, 170, 220, 240, 241, 254, 255, 269, 279, 291, 305, 372, 377, 393, 402, 412, 413, 415, 443, 454, 464, 465, 496, 497, 562, 580, 673, 694, 703, 712, 721, 737, 738], "summary": {"covered_lines": 105, "num_statements": 350, "percent_covered": 30.0, "missing_lines": 245, "excluded_lines": 0}, "missing_lines": [41, 42, 126, 127, 129, 130, 135, 136, 137, 138, 143, 147, 155, 158, 159, 160, 161, 166, 167, 171, 173, 179, 186, 189, 191, 194, 195, 196, 198, 200, 207, 208, 209, 210, 211, 212, 213, 215, 217, 228, 229, 232, 248, 249, 250, 251, 252, 267, 270, 271, 272, 273, 276, 277, 280, 281, 282, 283, 284, 287, 288, 289, 295, 296, 297, 298, 299, 300, 301, 302, 308, 310, 313, 316, 317, 318, 320, 321, 322, 323, 324, 325, 326, 327, 329, 330, 332, 333, 334, 337, 338, 339, 341, 342, 347, 349, 352, 353, 354, 355, 356, 357, 361, 362, 363, 367, 368, 370, 373, 374, 378, 380, 394, 395, 396, 397, 398, 399, 403, 404, 407, 408, 409, 416, 420, 421, 422, 423, 424, 426, 428, 435, 436, 437, 438, 447, 449, 450, 451, 458, 470, 472, 475, 476, 477, 478, 479, 480, 481, 487, 489, 490, 491, 493, 498, 500, 508, 514, 515, 517, 521, 524, 525, 526, 529, 533, 534, 538, 539, 540, 541, 542, 544, 546, 547, 548, 555, 556, 557, 567, 568, 570, 571, 572, 575, 576, 577, 581, 582, 584, 591, 592, 593, 616, 617, 618, 620, 621, 622, 624, 625, 627, 628, 630, 631, 632, 634, 635, 636, 638, 639, 641, 643, 644, 645, 646, 647, 648, 649, 650, 651, 652, 653, 654, 655, 657, 658, 659, 660, 664, 667, 668, 670, 689, 690, 691, 698, 700, 707, 709, 716, 718, 726, 728, 742], "excluded_lines": []}, "env/lib/python3.8/site-packages/_pytest/faulthandler.py": {"executed_lines": [1, 2, 3, 4, 5, 7, 8, 9, 10, 11, 14, 17, 18, 22, 25, 26, 28, 31, 49, 50, 53, 54, 56, 57, 58, 60, 61, 63, 68, 69, 70, 72, 73, 74, 75, 82, 83, 84, 86, 87, 88, 89, 90, 99, 101, 102, 109, 110], "summary": {"covered_lines": 47, "num_statements": 62, "percent_covered": 75.80645161290323, "missing_lines": 15, "excluded_lines": 0}, "missing_lines": [33, 37, 38, 39, 76, 80, 91, 93, 94, 95, 97, 105, 107, 114, 116], "excluded_lines": []}, "env/lib/python3.8/site-packages/_pytest/fixtures.py": {"executed_lines": [1, 2, 3, 4, 5, 6, 7, 8, 9, 10, 11, 12, 13, 14, 15, 16, 17, 18, 19, 20, 21, 22, 23, 25, 26, 28, 29, 30, 31, 32, 33, 34, 35, 36, 37, 38, 39, 40, 41, 42, 43, 44, 45, 46, 47, 48, 49, 50, 51, 52, 53, 55, 71, 73, 75, 79, 97, 98, 99, 100, 103, 104, 105, 107, 116, 119, 121, 122, 123, 124, 125, 126, 129, 130, 131, 133, 134, 135, 140, 142, 145, 160, 167, 227, 230, 231, 238, 242, 245, 248, 249, 250, 251, 252, 279, 280, 281, 282, 283, 284, 285, 286, 287, 289, 295, 300, 303, 306, 316, 322, 323, 361, 386, 390, 391, 393, 397, 398, 399, 401, 429, 430, 437, 438, 440, 442, 443, 444, 445, 446, 447, 451, 452, 454, 455, 456, 458, 459, 464, 465, 467, 469, 470, 471, 482, 483, 485, 486, 488, 489, 491, 493, 494, 496, 498, 499, 505, 506, 509, 510, 511, 512, 513, 515, 516, 520, 521, 526, 527, 531, 532, 534, 536, 543, 549, 559, 563, 564, 565, 566, 567, 568, 570, 581, 582, 583, 585, 588, 589, 590, 591, 592, 601, 602, 603, 605, 617, 625, 626, 627, 628, 629, 630, 631, 632, 633, 634, 635, 646, 677, 680, 681, 683, 685, 687, 691, 695, 696, 698, 709, 719, 720, 722, 737, 741, 742, 745, 753, 754, 755, 757, 758, 759, 760, 761, 762, 763, 764, 766, 769, 770, 772, 785, 786, 789, 790, 793, 797, 798, 799, 809, 810, 812, 820, 865, 866, 880, 899, 906, 909, 910, 913, 914, 915, 920, 921, 925, 928, 931, 932, 933, 934, 939, 964, 965, 967, 983, 984, 985, 986, 987, 988, 991, 992, 997, 998, 999, 1002, 1003, 1004, 1005, 1007, 1008, 1010, 1011, 1012, 1013, 1014, 1015, 1016, 1022, 1025, 1026, 1031, 1032, 1034, 1037, 1044, 1045, 1061, 1062, 1063, 1065, 1066, 1068, 1074, 1080, 1081, 1089, 1099, 1102, 1106, 1107, 1114, 1115, 1116, 1117, 1123, 1124, 1127, 1140, 1141, 1147, 1150, 1153, 1157, 1164, 1165, 1170, 1172, 1175, 1176, 1177, 1178, 1179, 1180, 1188, 1190, 1191, 1194, 1199, 1201, 1202, 1212, 1213, 1216, 1217, 1234, 1235, 1252, 1318, 1322, 1323, 1328, 1333, 1338, 1343, 1348, 1352, 1357, 1361, 1366, 1367, 1369, 1372, 1397, 1398, 1411, 1412, 1420, 1421, 1452, 1453, 1455, 1456, 1457, 1458, 1459, 1460, 1463, 1465, 1474, 1475, 1482, 1484, 1487, 1488, 1492, 1495, 1496, 1497, 1500, 1502, 1503, 1504, 1505, 1506, 1507, 1509, 1514, 1519, 1521, 1523, 1524, 1525, 1526, 1531, 1532, 1534, 1544, 1545, 1547, 1548, 1549, 1550, 1552, 1557, 1559, 1560, 1561, 1562, 1563, 1564, 1566, 1568, 1569, 1570, 1571, 1573, 1574, 1575, 1579, 1581, 1582, 1584, 1585, 1586, 1587, 1588, 1589, 1614, 1616, 1618, 1621, 1622, 1624, 1625, 1626, 1629, 1630, 1631, 1634, 1635, 1636, 1639, 1641, 1647, 1649, 1660, 1661, 1662, 1668, 1669, 1670, 1673, 1676, 1686, 1687, 1690, 1692, 1695, 1697, 1698, 1699], "summary": {"covered_lines": 479, "num_statements": 849, "percent_covered": 56.419316843345115, "missing_lines": 370, "excluded_lines": 0}, "missing_lines": [56, 57, 58, 59, 61, 62, 63, 64, 65, 67, 136, 146, 148, 149, 150, 151, 154, 155, 156, 157, 161, 162, 163, 164, 176, 177, 179, 180, 181, 182, 183, 184, 185, 186, 187, 188, 189, 190, 191, 195, 196, 201, 202, 203, 204, 205, 206, 208, 209, 210, 212, 222, 223, 224, 234, 237, 254, 258, 259, 260, 261, 262, 263, 264, 265, 266, 267, 268, 269, 270, 296, 297, 298, 311, 312, 313, 324, 325, 326, 327, 328, 329, 330, 331, 332, 333, 334, 335, 336, 339, 340, 342, 344, 347, 348, 349, 350, 351, 352, 355, 356, 357, 358, 365, 366, 367, 371, 372, 373, 374, 375, 376, 378, 379, 380, 381, 383, 387, 412, 413, 414, 415, 421, 422, 423, 424, 426, 461, 462, 475, 476, 477, 480, 484, 501, 502, 503, 518, 524, 529, 541, 544, 545, 557, 561, 593, 594, 595, 596, 597, 598, 606, 607, 609, 610, 611, 612, 613, 614, 615, 636, 645, 647, 648, 649, 650, 651, 652, 653, 655, 656, 668, 670, 673, 674, 675, 697, 700, 701, 710, 711, 712, 713, 714, 715, 716, 717, 723, 726, 728, 729, 731, 732, 735, 738, 756, 767, 778, 779, 782, 800, 801, 815, 816, 817, 818, 821, 822, 823, 824, 825, 826, 829, 830, 831, 832, 833, 834, 835, 836, 838, 839, 840, 841, 842, 843, 845, 846, 847, 848, 849, 850, 851, 852, 853, 854, 858, 859, 860, 862, 874, 875, 876, 877, 878, 882, 883, 884, 885, 886, 890, 891, 895, 896, 900, 901, 902, 903, 916, 917, 923, 924, 936, 944, 947, 948, 949, 955, 956, 961, 989, 1017, 1020, 1021, 1023, 1038, 1039, 1041, 1042, 1048, 1049, 1050, 1051, 1052, 1054, 1055, 1058, 1059, 1069, 1082, 1084, 1092, 1095, 1096, 1097, 1098, 1108, 1109, 1110, 1111, 1112, 1118, 1119, 1120, 1121, 1122, 1142, 1143, 1144, 1166, 1192, 1195, 1203, 1204, 1231, 1249, 1320, 1321, 1324, 1325, 1327, 1329, 1330, 1332, 1334, 1335, 1337, 1339, 1340, 1342, 1344, 1345, 1347, 1349, 1353, 1358, 1386, 1408, 1476, 1477, 1480, 1490, 1515, 1516, 1517, 1527, 1528, 1529, 1530, 1565, 1567, 1576, 1577, 1590, 1591, 1592, 1593, 1595, 1597, 1598, 1601, 1602, 1604, 1612, 1627, 1642, 1671, 1674, 1688, 1689], "excluded_lines": []}, "env/lib/python3.8/site-packages/_pytest/freeze_support.py": {"executed_lines": [1, 5, 6, 7, 8, 11, 24], "summary": {"covered_lines": 6, "num_statements": 22, "percent_covered": 27.272727272727273, "missing_lines": 16, "excluded_lines": 0}, "missing_lines": [16, 17, 19, 20, 21, 35, 36, 38, 39, 43, 44, 45, 46, 47, 48, 50], "excluded_lines": []}, "env/lib/python3.8/site-packages/_pytest/helpconfig.py": {"executed_lines": [1, 2, 3, 4, 5, 6, 7, 9, 11, 12, 13, 14, 15, 18, 19, 27, 28, 37, 45, 46, 47, 56, 63, 73, 80, 87, 96, 97, 98, 99, 100, 127, 142, 143, 146, 151, 154, 227, 230, 242, 243, 244, 253, 262], "summary": {"covered_lines": 42, "num_statements": 133, "percent_covered": 31.57894736842105, "missing_lines": 91, "excluded_lines": 0}, "missing_lines": [38, 41, 42, 101, 102, 103, 114, 115, 116, 118, 119, 120, 121, 122, 124, 128, 129, 134, 135, 136, 137, 139, 144, 145, 147, 148, 149, 150, 155, 157, 158, 159, 160, 161, 164, 166, 167, 168, 169, 170, 171, 172, 173, 174, 175, 176, 177, 178, 180, 181, 189, 190, 193, 194, 196, 197, 198, 199, 201, 202, 203, 209, 210, 211, 212, 214, 215, 216, 222, 223, 224, 231, 232, 233, 234, 235, 236, 237, 238, 239, 245, 249, 250, 251, 254, 255, 256, 257, 258, 260, 261], "excluded_lines": []}, "env/lib/python3.8/site-packages/_pytest/hookspec.py": {"executed_lines": [1, 2, 3, 4, 5, 6, 7, 8, 9, 11, 12, 14, 15, 17, 45, 52, 53, 65, 66, 79, 80, 117, 118, 141, 142, 158, 172, 173, 186, 206, 207, 231, 243, 250, 251, 264, 265, 274, 286, 290, 294, 298, 302, 303, 314, 315, 328, 329, 338, 339, 345, 349, 350, 370, 371, 391, 392, 430, 442, 454, 464, 471, 486, 487, 501, 509, 510, 519, 520, 533, 534, 550, 563, 571, 581, 593, 607, 650, 673, 696, 697, 725, 741, 742, 776, 777, 813, 823, 829, 848, 857], "summary": {"covered_lines": 90, "num_statements": 114, "percent_covered": 78.94736842105263, "missing_lines": 24, "excluded_lines": 0}, "missing_lines": [18, 19, 20, 22, 23, 24, 25, 26, 27, 28, 29, 30, 31, 32, 33, 34, 35, 36, 37, 38, 39, 40, 41, 42], "excluded_lines": []}, "env/lib/python3.8/site-packages/_pytest/junitxml.py": {"executed_lines": [1, 11, 12, 13, 14, 15, 16, 17, 18, 19, 20, 21, 22, 23, 25, 27, 28, 29, 30, 31, 32, 33, 34, 35, 36, 37, 38, 39, 40, 42, 46, 49, 50, 58, 59, 60, 65, 66, 67, 68, 69, 71, 74, 85, 86, 87, 88, 89, 91, 92, 95, 96, 97, 100, 101, 104, 107, 108, 118, 122, 125, 128, 140, 170, 177, 182, 205, 208, 212, 215, 230, 237, 240, 253, 279, 287, 304, 305, 327, 328, 356, 365, 366, 395, 396, 397, 407, 415, 418, 424, 430, 435, 440, 441, 443, 460, 461, 462, 467, 482, 483, 518, 526, 544, 548, 553, 641, 649, 657, 662, 665, 697, 700, 705], "summary": {"covered_lines": 113, "num_statements": 372, "percent_covered": 30.376344086021504, "missing_lines": 259, "excluded_lines": 0}, "missing_lines": [43, 75, 76, 77, 78, 80, 82, 90, 109, 110, 111, 112, 113, 114, 115, 116, 119, 120, 123, 126, 131, 132, 138, 141, 142, 143, 144, 145, 146, 151, 152, 153, 154, 155, 156, 159, 160, 164, 165, 166, 167, 168, 171, 172, 173, 174, 175, 178, 179, 180, 183, 184, 186, 187, 188, 189, 190, 191, 192, 193, 194, 195, 196, 197, 198, 199, 200, 201, 202, 203, 206, 209, 210, 213, 217, 218, 220, 221, 222, 224, 225, 226, 227, 228, 232, 233, 238, 241, 242, 243, 245, 247, 248, 250, 251, 254, 255, 256, 257, 258, 264, 265, 266, 267, 268, 270, 277, 280, 281, 284, 291, 293, 294, 295, 319, 321, 322, 324, 334, 336, 340, 343, 344, 346, 348, 349, 350, 351, 353, 359, 360, 361, 362, 382, 384, 386, 387, 389, 390, 391, 392, 444, 445, 446, 447, 448, 457, 463, 464, 468, 469, 470, 471, 472, 473, 475, 476, 478, 479, 493, 494, 495, 496, 497, 498, 499, 500, 501, 504, 507, 508, 511, 512, 515, 516, 519, 521, 522, 523, 524, 527, 529, 531, 533, 535, 537, 539, 540, 542, 545, 546, 549, 550, 551, 576, 577, 578, 579, 580, 581, 582, 584, 585, 586, 598, 602, 603, 604, 605, 606, 607, 608, 609, 611, 612, 613, 614, 615, 616, 617, 618, 620, 621, 623, 624, 625, 626, 638, 639, 645, 646, 647, 650, 651, 652, 653, 655, 658, 659, 660, 663, 666, 667, 668, 669, 670, 671, 673, 680, 682, 694, 695, 698, 701, 702, 703, 708, 709, 715], "excluded_lines": []}, "env/lib/python3.8/site-packages/_pytest/logging.py": {"executed_lines": [1, 2, 3, 4, 5, 6, 7, 8, 9, 10, 11, 12, 13, 14, 15, 16, 18, 19, 20, 21, 22, 23, 24, 25, 26, 27, 28, 29, 30, 31, 34, 35, 36, 37, 38, 41, 45, 46, 50, 59, 61, 62, 63, 64, 66, 67, 68, 70, 72, 73, 78, 79, 82, 86, 92, 93, 99, 100, 101, 103, 104, 111, 112, 142, 143, 164, 188, 189, 190, 191, 192, 193, 194, 197, 199, 201, 202, 205, 207, 218, 224, 230, 236, 239, 245, 251, 257, 263, 269, 275, 283, 287, 288, 290, 292, 293, 294, 296, 297, 298, 300, 301, 304, 306, 307, 308, 310, 313, 314, 316, 318, 320, 321, 323, 328, 329, 330, 332, 341, 342, 344, 351, 363, 364, 370, 384, 385, 389, 390, 394, 395, 405, 406, 421, 425, 443, 444, 465, 466, 482, 483, 484, 485, 486, 487, 490, 506, 507, 508, 511, 512, 515, 521, 524, 529, 530, 531, 532, 533, 536, 537, 538, 543, 544, 545, 549, 552, 555, 558, 566, 567, 572, 574, 576, 577, 580, 586, 590, 592, 622, 624, 627, 628, 637, 638, 639, 641, 642, 643, 645, 646, 647, 649, 650, 651, 653, 654, 657, 661, 665, 666, 667, 669, 670, 671, 672, 674, 675, 676, 678, 680, 685, 686, 687, 688, 690, 692, 693, 695, 696, 697, 699, 700, 701, 703, 704, 705, 707, 709, 710, 711, 713, 714, 715, 717, 718, 719, 721, 722, 723, 725, 726, 727, 729, 730, 733, 736, 737, 741, 746, 747, 757, 759, 774, 778, 785, 804, 809, 810, 812, 813, 815, 816, 818], "summary": {"covered_lines": 254, "num_statements": 395, "percent_covered": 64.30379746835443, "missing_lines": 141, "excluded_lines": 0}, "missing_lines": [42, 69, 87, 88, 89, 107, 108, 109, 144, 145, 146, 148, 149, 150, 151, 152, 153, 154, 155, 156, 157, 158, 159, 160, 162, 165, 166, 168, 170, 172, 173, 174, 176, 177, 182, 183, 184, 185, 299, 302, 303, 309, 325, 326, 333, 338, 346, 348, 349, 357, 358, 359, 360, 361, 368, 382, 387, 392, 403, 419, 423, 436, 438, 439, 440, 441, 453, 454, 455, 456, 457, 458, 459, 461, 462, 477, 478, 479, 488, 492, 493, 494, 495, 496, 498, 539, 540, 541, 559, 560, 562, 584, 600, 602, 603, 605, 606, 608, 609, 610, 612, 613, 614, 615, 616, 618, 619, 620, 630, 631, 633, 635, 658, 659, 663, 743, 768, 769, 770, 771, 772, 776, 780, 781, 782, 783, 786, 791, 792, 793, 794, 795, 796, 797, 798, 799, 800, 801, 802, 806, 820], "excluded_lines": []}, "env/lib/python3.8/site-packages/_pytest/main.py": {"executed_lines": [1, 2, 3, 4, 5, 6, 7, 8, 9, 10, 11, 12, 13, 14, 15, 16, 17, 19, 20, 22, 23, 24, 25, 26, 27, 28, 29, 30, 31, 32, 33, 34, 35, 36, 37, 38, 41, 48, 49, 55, 62, 63, 71, 80, 85, 91, 99, 106, 115, 116, 123, 128, 134, 140, 146, 154, 161, 169, 176, 185, 186, 199, 227, 231, 232, 233, 234, 235, 236, 237, 238, 239, 240, 273, 274, 275, 276, 277, 284, 285, 288, 289, 292, 295, 296, 298, 300, 302, 305, 306, 309, 310, 316, 319, 320, 321, 322, 324, 326, 329, 332, 333, 334, 335, 343, 346, 347, 348, 349, 350, 353, 356, 359, 360, 361, 364, 367, 368, 369, 370, 373, 374, 375, 376, 391, 392, 395, 396, 398, 401, 402, 405, 406, 407, 409, 410, 411, 412, 415, 416, 417, 419, 421, 422, 424, 425, 428, 429, 430, 431, 432, 433, 434, 437, 440, 443, 448, 450, 454, 456, 457, 458, 459, 461, 470, 472, 474, 475, 476, 478, 481, 482, 485, 491, 493, 494, 496, 497, 499, 500, 505, 506, 511, 514, 515, 516, 517, 518, 522, 523, 524, 526, 527, 532, 533, 538, 541, 542, 543, 544, 545, 546, 547, 548, 549, 550, 551, 552, 553, 554, 555, 556, 557, 563, 566, 567, 568, 569, 571, 572, 573, 574, 575, 576, 583, 584, 585, 586, 587, 589, 592, 597, 598, 599, 600, 603, 604, 605, 616, 617, 619, 620, 623, 624, 626, 627, 628, 629, 630, 631, 632, 633, 635, 637, 671, 672, 674, 676, 692, 694, 695, 697, 698, 699, 705, 707, 720, 759, 762, 763, 764, 765, 767, 768, 769, 770, 771, 772], "summary": {"covered_lines": 274, "num_statements": 439, "percent_covered": 62.41457858769932, "missing_lines": 165, "excluded_lines": 0}, "missing_lines": [42, 43, 45, 201, 204, 205, 207, 209, 210, 211, 212, 213, 214, 217, 218, 221, 222, 224, 241, 242, 243, 244, 245, 246, 247, 248, 249, 250, 251, 252, 253, 256, 257, 258, 259, 260, 261, 262, 263, 264, 265, 266, 268, 269, 280, 281, 282, 283, 299, 301, 311, 317, 323, 325, 351, 354, 362, 365, 378, 379, 380, 381, 382, 384, 386, 387, 388, 462, 477, 479, 486, 487, 488, 489, 503, 509, 530, 536, 558, 559, 560, 561, 562, 564, 577, 578, 581, 601, 606, 607, 608, 609, 610, 612, 638, 639, 640, 642, 643, 645, 647, 648, 650, 651, 652, 653, 654, 659, 660, 661, 662, 663, 667, 668, 669, 678, 679, 683, 684, 685, 686, 687, 688, 690, 696, 700, 701, 704, 710, 711, 712, 713, 714, 715, 716, 717, 718, 723, 724, 725, 726, 727, 728, 729, 730, 731, 732, 733, 734, 735, 736, 737, 739, 740, 741, 742, 743, 745, 746, 747, 749, 750, 751, 756, 757], "excluded_lines": []}, "env/lib/python3.8/site-packages/_pytest/mark/__init__.py": {"executed_lines": [1, 2, 3, 4, 5, 6, 8, 10, 11, 12, 13, 14, 15, 16, 17, 18, 19, 20, 21, 22, 23, 24, 25, 27, 31, 34, 37, 61, 62, 63, 83, 93, 99, 100, 103, 104, 105, 107, 120, 123, 124, 125, 138, 140, 141, 164, 174, 175, 176, 177, 214, 215, 216, 221, 223, 224, 228, 232, 233, 234, 235, 257, 258, 259, 262, 263, 264, 266, 268, 275, 276], "summary": {"covered_lines": 68, "num_statements": 136, "percent_covered": 50.0, "missing_lines": 68, "excluded_lines": 0}, "missing_lines": [28, 58, 108, 109, 110, 111, 112, 113, 114, 115, 116, 117, 118, 142, 145, 147, 148, 149, 152, 155, 156, 157, 160, 162, 165, 166, 168, 169, 170, 171, 179, 183, 184, 185, 189, 190, 192, 193, 194, 195, 199, 200, 201, 202, 203, 205, 206, 207, 209, 210, 211, 225, 226, 229, 237, 238, 239, 240, 244, 245, 246, 247, 248, 250, 252, 253, 254, 269], "excluded_lines": []}, "env/lib/python3.8/site-packages/_pytest/mark/expression.py": {"executed_lines": [1, 18, 19, 20, 21, 22, 23, 24, 25, 26, 28, 30, 32, 36, 42, 43, 44, 45, 46, 47, 48, 49, 52, 53, 54, 55, 56, 59, 60, 66, 70, 74, 75, 77, 81, 111, 121, 133, 136, 145, 153, 161, 174, 175, 177, 180, 183, 186, 190, 191, 196, 198, 201, 202, 213], "summary": {"covered_lines": 51, "num_statements": 124, "percent_covered": 41.12903225806452, "missing_lines": 73, "excluded_lines": 0}, "missing_lines": [33, 67, 68, 71, 78, 79, 82, 83, 84, 85, 86, 87, 88, 89, 90, 91, 93, 94, 95, 96, 97, 98, 99, 100, 101, 103, 104, 106, 109, 112, 113, 114, 115, 116, 117, 118, 119, 122, 137, 138, 140, 141, 142, 146, 147, 148, 149, 150, 154, 155, 156, 157, 158, 162, 163, 164, 165, 166, 167, 168, 169, 170, 171, 178, 181, 184, 187, 199, 207, 208, 211, 221, 224], "excluded_lines": []}, "env/lib/python3.8/site-packages/_pytest/mark/structures.py": {"executed_lines": [1, 2, 3, 4, 5, 6, 7, 8, 9, 10, 11, 12, 13, 14, 15, 16, 18, 20, 21, 22, 23, 24, 25, 26, 27, 28, 30, 34, 37, 44, 73, 83, 84, 104, 105, 132, 133, 146, 147, 155, 156, 198, 199, 201, 203, 205, 208, 210, 214, 217, 248, 251, 252, 253, 287, 289, 290, 294, 295, 299, 300, 304, 305, 308, 311, 325, 326, 329, 330, 335, 346, 350, 351, 353, 356, 363, 366, 369, 372, 385, 455, 456, 470, 471, 474, 483, 484, 485, 524, 527, 528, 529, 530, 531, 533, 541, 544, 547, 548, 549, 551, 552, 553, 554, 555, 557, 560], "summary": {"covered_lines": 105, "num_statements": 237, "percent_covered": 44.30379746835443, "missing_lines": 132, "excluded_lines": 0}, "missing_lines": [31, 38, 47, 49, 50, 57, 58, 59, 60, 61, 62, 63, 64, 65, 69, 70, 90, 91, 94, 96, 97, 98, 101, 102, 120, 121, 122, 123, 130, 139, 140, 141, 143, 144, 151, 164, 165, 166, 168, 170, 171, 172, 178, 191, 192, 195, 215, 227, 230, 231, 232, 233, 234, 235, 237, 292, 297, 302, 306, 309, 319, 320, 327, 333, 337, 338, 339, 340, 341, 342, 343, 352, 367, 368, 377, 380, 386, 388, 389, 390, 391, 393, 394, 395, 397, 398, 404, 406, 407, 408, 409, 411, 412, 423, 425, 426, 440, 442, 443, 446, 448, 449, 452, 476, 477, 478, 479, 480, 481, 487, 491, 492, 496, 497, 501, 502, 503, 509, 510, 511, 513, 521, 534, 535, 536, 537, 538, 539, 542, 545, 558, 561], "excluded_lines": []}, "env/lib/python3.8/site-packages/_pytest/monkeypatch.py": {"executed_lines": [1, 2, 3, 4, 5, 6, 7, 8, 9, 10, 11, 12, 13, 14, 16, 17, 18, 19, 21, 24, 25, 28, 29, 52, 81, 93, 105, 106, 110, 113, 114, 117, 118, 119, 122, 123, 125, 126, 150, 151, 156, 157, 162, 182, 183, 185, 195, 202, 203, 207, 209, 210, 212, 251, 256, 269, 288, 298, 320, 334, 348, 349, 352, 353, 354, 362, 363, 367], "summary": {"covered_lines": 66, "num_statements": 168, "percent_covered": 39.285714285714285, "missing_lines": 102, "excluded_lines": 0}, "missing_lines": [47, 48, 49, 54, 56, 57, 58, 59, 60, 61, 62, 63, 65, 68, 69, 70, 72, 73, 74, 76, 77, 78, 82, 83, 84, 85, 90, 94, 95, 98, 99, 100, 101, 102, 107, 144, 145, 146, 148, 154, 160, 186, 187, 192, 193, 196, 204, 208, 228, 229, 231, 232, 233, 238, 240, 241, 242, 244, 246, 247, 248, 249, 253, 254, 262, 263, 264, 266, 267, 273, 274, 283, 284, 285, 286, 295, 296, 300, 302, 303, 304, 307, 316, 318, 324, 325, 326, 327, 328, 330, 332, 350, 355, 356, 357, 358, 359, 361, 364, 365, 368, 369], "excluded_lines": []}, "env/lib/python3.8/site-packages/_pytest/nodes.py": {"executed_lines": [1, 2, 3, 4, 5, 6, 7, 8, 9, 10, 11, 12, 13, 14, 16, 18, 19, 20, 21, 22, 23, 24, 25, 26, 27, 28, 29, 30, 31, 32, 33, 34, 35, 36, 38, 47, 49, 52, 53, 68, 71, 73, 75, 78, 83, 84, 85, 87, 90, 93, 94, 98, 99, 102, 103, 108, 119, 129, 132, 135, 136, 138, 140, 143, 144, 146, 148, 151, 154, 157, 160, 163, 165, 166, 167, 169, 171, 172, 173, 177, 179, 180, 191, 193, 195, 197, 198, 200, 202, 205, 236, 237, 239, 241, 242, 244, 245, 247, 248, 250, 253, 254, 255, 256, 257, 258, 259, 261, 285, 291, 293, 302, 303, 307, 308, 311, 312, 315, 326, 333, 336, 344, 347, 348, 349, 350, 351, 353, 356, 409, 422, 445, 446, 450, 451, 453, 460, 482, 491, 497, 498, 502, 508, 509, 517, 518, 519, 520, 521, 522, 523, 525, 527, 528, 530, 532, 535, 537, 539, 540, 544, 546, 549, 550, 553, 554, 559, 560, 562, 565, 566, 567, 568, 569, 570, 571, 572, 573, 574, 575, 576, 578, 581, 584, 589, 590, 591, 594, 595, 596, 597, 598, 599, 601, 603, 606, 607, 610, 611, 615, 617, 625, 626, 630, 632, 635, 651, 652, 654, 657, 658, 659, 660, 661, 664, 665, 666], "summary": {"covered_lines": 212, "num_statements": 320, "percent_covered": 66.25, "missing_lines": 108, "excluded_lines": 0}, "missing_lines": [39, 42, 43, 44, 70, 86, 95, 96, 139, 147, 170, 192, 194, 203, 221, 223, 224, 229, 230, 231, 271, 273, 274, 275, 276, 278, 279, 280, 281, 283, 304, 305, 309, 313, 324, 328, 329, 330, 331, 334, 342, 354, 361, 362, 363, 364, 365, 366, 367, 368, 369, 371, 372, 373, 374, 375, 376, 378, 379, 380, 382, 384, 385, 387, 395, 396, 397, 398, 400, 419, 434, 437, 438, 439, 440, 441, 442, 457, 468, 471, 472, 476, 477, 478, 480, 483, 484, 485, 486, 487, 488, 492, 493, 494, 499, 500, 503, 504, 505, 531, 533, 556, 563, 579, 592, 633, 655, 663], "excluded_lines": []}, "env/lib/python3.8/site-packages/_pytest/nose.py": {"executed_lines": [1, 2, 3, 4, 5, 8, 9, 10, 11, 13, 15, 18, 19, 20, 21, 24, 27, 32, 33, 34, 35], "summary": {"covered_lines": 20, "num_statements": 22, "percent_covered": 90.9090909090909, "missing_lines": 2, "excluded_lines": 0}, "missing_lines": [38, 39], "excluded_lines": []}, "env/lib/python3.8/site-packages/_pytest/outcomes.py": {"executed_lines": [1, 5, 6, 7, 8, 9, 10, 12, 14, 22, 24, 27, 28, 32, 43, 48, 51, 54, 57, 59, 69, 70, 72, 75, 76, 78, 89, 90, 93, 94, 95, 98, 99, 100, 101, 102, 104, 110, 111, 122, 123, 146, 147, 159, 160, 163, 164, 178], "summary": {"covered_lines": 43, "num_statements": 88, "percent_covered": 48.86363636363637, "missing_lines": 45, "excluded_lines": 0}, "missing_lines": [15, 16, 17, 33, 34, 38, 39, 40, 41, 44, 45, 46, 65, 66, 81, 82, 83, 118, 119, 142, 143, 155, 156, 174, 175, 197, 199, 200, 202, 206, 207, 208, 209, 210, 211, 212, 213, 214, 215, 216, 217, 219, 221, 222, 227], "excluded_lines": []}, "env/lib/python3.8/site-packages/_pytest/pastebin.py": {"executed_lines": [1, 2, 3, 4, 5, 7, 8, 9, 10, 11, 12, 15, 18, 19, 20, 31, 32, 33, 52, 53, 69, 95, 96, 97], "summary": {"covered_lines": 23, "num_statements": 70, "percent_covered": 32.857142857142854, "missing_lines": 47, "excluded_lines": 0}, "missing_lines": [34, 38, 40, 41, 43, 44, 45, 46, 47, 49, 54, 56, 57, 58, 59, 61, 62, 64, 65, 66, 76, 77, 78, 80, 81, 82, 83, 86, 87, 88, 89, 90, 92, 98, 99, 100, 101, 102, 103, 104, 105, 106, 107, 108, 109, 110, 111], "excluded_lines": []}, "env/lib/python3.8/site-packages/_pytest/pathlib.py": {"executed_lines": [1, 2, 3, 4, 5, 6, 7, 8, 9, 10, 11, 12, 13, 14, 15, 16, 17, 18, 19, 20, 21, 22, 23, 24, 26, 28, 29, 30, 32, 33, 37, 40, 43, 46, 50, 59, 112, 130, 142, 151, 159, 170, 176, 184, 206, 227, 244, 261, 288, 316, 322, 334, 344, 371, 372, 373, 374, 375, 376, 379, 382, 399, 400, 402, 408, 409, 414, 417, 418, 419, 422, 430, 431, 433, 434, 435, 438, 439, 447, 472, 474, 476, 479, 497, 498, 499, 500, 501, 502, 503, 511, 514, 515, 520, 522, 523, 524, 526, 527, 528, 529, 531, 534, 535, 539, 542, 545, 550, 551, 552, 553, 554, 555, 557, 558], "summary": {"covered_lines": 113, "num_statements": 301, "percent_covered": 37.541528239202655, "missing_lines": 188, "excluded_lines": 0}, "missing_lines": [35, 47, 54, 55, 56, 64, 68, 69, 71, 72, 77, 79, 80, 81, 88, 91, 93, 94, 95, 99, 100, 101, 102, 104, 105, 106, 108, 109, 124, 125, 126, 127, 132, 133, 134, 135, 137, 138, 139, 146, 147, 148, 153, 154, 155, 156, 165, 166, 167, 173, 178, 179, 180, 181, 195, 196, 197, 198, 199, 200, 201, 202, 203, 208, 210, 211, 212, 213, 214, 215, 216, 218, 219, 221, 229, 230, 231, 232, 233, 235, 236, 237, 238, 239, 240, 241, 246, 248, 249, 250, 252, 253, 254, 255, 256, 258, 263, 264, 265, 266, 267, 269, 270, 271, 272, 277, 281, 282, 283, 284, 285, 290, 291, 292, 293, 294, 295, 296, 299, 300, 301, 302, 303, 305, 310, 311, 312, 313, 318, 319, 324, 325, 326, 327, 328, 329, 330, 331, 338, 339, 340, 341, 348, 349, 350, 351, 352, 353, 354, 355, 357, 359, 366, 367, 368, 377, 406, 411, 412, 413, 424, 425, 426, 427, 477, 480, 482, 483, 484, 485, 487, 489, 490, 493, 494, 495, 505, 506, 512, 513, 516, 518, 530, 532, 536, 537, 540, 556], "excluded_lines": []}, "env/lib/python3.8/site-packages/_pytest/python.py": {"executed_lines": [1, 2, 3, 4, 5, 6, 7, 8, 9, 10, 11, 12, 13, 14, 15, 16, 17, 18, 19, 20, 21, 22, 23, 24, 25, 27, 29, 30, 31, 32, 33, 34, 35, 36, 37, 38, 39, 40, 41, 42, 43, 44, 45, 46, 47, 48, 49, 50, 51, 52, 53, 54, 55, 56, 57, 58, 59, 60, 61, 62, 63, 64, 65, 66, 67, 68, 69, 70, 72, 78, 79, 80, 89, 96, 103, 109, 115, 124, 125, 128, 131, 134, 135, 140, 141, 152, 160, 173, 174, 175, 176, 178, 179, 180, 181, 183, 186, 187, 188, 189, 190, 193, 194, 195, 198, 199, 202, 204, 207, 208, 209, 210, 211, 212, 215, 216, 218, 219, 221, 223, 227, 237, 238, 246, 247, 250, 251, 254, 265, 266, 271, 272, 274, 275, 277, 278, 283, 284, 286, 287, 288, 291, 292, 293, 295, 296, 297, 299, 306, 308, 309, 310, 311, 312, 314, 315, 316, 317, 318, 320, 321, 322, 323, 325, 327, 328, 329, 337, 338, 339, 340, 343, 344, 345, 347, 354, 356, 357, 359, 360, 361, 364, 369, 371, 372, 374, 379, 380, 381, 385, 389, 391, 392, 397, 398, 399, 400, 401, 402, 405, 406, 407, 408, 409, 410, 411, 412, 414, 416, 417, 418, 420, 421, 423, 429, 432, 434, 435, 436, 437, 438, 439, 440, 442, 443, 445, 448, 449, 451, 454, 456, 457, 480, 481, 483, 484, 486, 487, 488, 489, 490, 492, 499, 502, 506, 507, 519, 526, 527, 530, 531, 548, 550, 551, 552, 592, 593, 596, 597, 608, 609, 612, 614, 617, 620, 623, 626, 630, 631, 633, 634, 636, 637, 638, 639, 643, 644, 646, 647, 648, 649, 651, 652, 656, 658, 659, 660, 663, 664, 667, 679, 684, 685, 686, 690, 691, 693, 694, 700, 729, 753, 779, 780, 785, 791, 795, 800, 807, 814, 815, 825, 835, 839, 845, 846, 849, 874, 875, 882, 890, 893, 896, 899, 902, 905, 907, 908, 910, 911, 916, 1038, 1071, 1105, 1144, 1178, 1213, 1226, 1266, 1288, 1322, 1328, 1378, 1384, 1441, 1446, 1447, 1452, 1454, 1484, 1486, 1487, 1495, 1500, 1501, 1502, 1512, 1518, 1526, 1527, 1530, 1531, 1532, 1534, 1535, 1539, 1541, 1542, 1543, 1545, 1546, 1550, 1551, 1552, 1554, 1555, 1559, 1560, 1565, 1567, 1569, 1570, 1573, 1575, 1597, 1606, 1607, 1612, 1615], "summary": {"covered_lines": 382, "num_statements": 822, "percent_covered": 46.4720194647202, "missing_lines": 440, "excluded_lines": 2}, "missing_lines": [73, 74, 75, 126, 127, 129, 130, 137, 161, 162, 165, 166, 167, 168, 169, 170, 177, 182, 220, 228, 229, 239, 240, 243, 244, 255, 256, 257, 259, 260, 262, 263, 268, 269, 280, 281, 302, 303, 304, 313, 319, 331, 332, 333, 334, 335, 363, 388, 393, 413, 450, 452, 460, 465, 467, 468, 469, 509, 510, 511, 512, 513, 514, 515, 517, 533, 534, 535, 538, 539, 540, 541, 542, 543, 544, 546, 553, 554, 557, 558, 567, 568, 569, 570, 571, 576, 577, 583, 584, 585, 586, 621, 627, 628, 642, 662, 670, 671, 672, 673, 674, 676, 687, 698, 701, 702, 703, 704, 705, 712, 713, 714, 715, 722, 724, 725, 727, 736, 737, 738, 739, 741, 742, 743, 744, 745, 746, 747, 748, 749, 751, 760, 761, 762, 763, 765, 766, 767, 768, 769, 770, 771, 772, 773, 774, 776, 787, 788, 789, 792, 793, 796, 797, 801, 802, 803, 804, 808, 809, 810, 811, 816, 817, 818, 819, 821, 822, 823, 826, 827, 828, 829, 830, 831, 832, 833, 836, 837, 840, 841, 842, 843, 847, 859, 860, 861, 862, 863, 864, 865, 868, 869, 870, 871, 913, 914, 977, 979, 986, 988, 989, 994, 995, 997, 999, 1002, 1003, 1004, 1005, 1007, 1012, 1013, 1015, 1022, 1023, 1024, 1025, 1026, 1035, 1036, 1060, 1061, 1062, 1063, 1064, 1065, 1067, 1068, 1069, 1077, 1078, 1079, 1080, 1081, 1082, 1083, 1084, 1087, 1088, 1089, 1091, 1092, 1093, 1094, 1095, 1096, 1098, 1099, 1103, 1120, 1121, 1124, 1125, 1126, 1127, 1128, 1134, 1136, 1142, 1156, 1157, 1158, 1159, 1160, 1161, 1168, 1169, 1171, 1172, 1192, 1193, 1195, 1197, 1198, 1199, 1204, 1206, 1207, 1208, 1210, 1214, 1215, 1217, 1223, 1234, 1235, 1236, 1237, 1238, 1239, 1240, 1241, 1242, 1243, 1244, 1245, 1248, 1249, 1251, 1252, 1253, 1254, 1255, 1256, 1257, 1258, 1259, 1261, 1262, 1263, 1275, 1276, 1277, 1278, 1279, 1283, 1285, 1296, 1304, 1305, 1308, 1311, 1314, 1315, 1316, 1317, 1319, 1323, 1325, 1329, 1331, 1332, 1333, 1334, 1336, 1337, 1338, 1340, 1341, 1342, 1343, 1344, 1345, 1346, 1348, 1349, 1350, 1351, 1352, 1354, 1356, 1358, 1359, 1361, 1362, 1363, 1365, 1367, 1368, 1369, 1370, 1372, 1374, 1375, 1379, 1381, 1385, 1387, 1388, 1389, 1390, 1392, 1394, 1395, 1397, 1398, 1399, 1400, 1401, 1402, 1403, 1404, 1405, 1406, 1416, 1417, 1418, 1419, 1420, 1421, 1422, 1423, 1424, 1425, 1426, 1427, 1428, 1429, 1430, 1431, 1432, 1433, 1434, 1435, 1437, 1438, 1442, 1443, 1503, 1507, 1510, 1511, 1513, 1548, 1557, 1562, 1563, 1571, 1572, 1576, 1577, 1578, 1579, 1580, 1581, 1582, 1583, 1584, 1585, 1586, 1588, 1591, 1592, 1593, 1594, 1600, 1601, 1602, 1603, 1613], "excluded_lines": [866, 867]}, "env/lib/python3.8/site-packages/_pytest/python_api.py": {"executed_lines": [1, 2, 3, 4, 5, 6, 7, 8, 9, 10, 11, 12, 13, 14, 15, 16, 17, 18, 19, 21, 23, 24, 25, 26, 27, 29, 33, 36, 48, 49, 55, 56, 58, 66, 69, 75, 77, 80, 83, 90, 102, 109, 110, 114, 118, 136, 151, 152, 157, 162, 168, 172, 182, 183, 188, 196, 201, 204, 216, 217, 223, 224, 226, 248, 282, 284, 285, 332, 333, 337, 338, 341, 531, 546, 549, 550, 558, 559, 568, 717, 720, 721, 732, 736], "summary": {"covered_lines": 78, "num_statements": 233, "percent_covered": 33.47639484978541, "missing_lines": 155, "excluded_lines": 2}, "missing_lines": [30, 37, 38, 59, 60, 61, 62, 63, 64, 67, 70, 78, 81, 88, 99, 103, 104, 106, 115, 116, 119, 123, 124, 125, 126, 127, 131, 132, 134, 137, 143, 144, 145, 147, 148, 158, 163, 164, 166, 169, 170, 173, 174, 175, 176, 177, 178, 179, 189, 190, 191, 192, 197, 198, 199, 202, 205, 206, 207, 208, 209, 210, 211, 234, 235, 239, 240, 241, 242, 243, 244, 246, 253, 256, 259, 260, 265, 266, 274, 275, 278, 279, 292, 293, 297, 299, 300, 303, 304, 308, 309, 310, 317, 321, 322, 325, 326, 329, 509, 511, 512, 513, 514, 515, 516, 517, 518, 519, 524, 526, 528, 536, 538, 539, 540, 541, 682, 683, 686, 687, 689, 691, 692, 693, 694, 695, 696, 697, 698, 700, 701, 702, 705, 706, 707, 709, 710, 713, 727, 728, 729, 730, 733, 734, 742, 743, 744, 745, 746, 747, 749, 752, 753, 754, 755], "excluded_lines": [555, 565]}, "env/lib/python3.8/site-packages/_pytest/recwarn.py": {"executed_lines": [1, 2, 3, 4, 5, 6, 7, 8, 9, 10, 11, 12, 13, 14, 16, 17, 18, 19, 21, 25, 28, 29, 41, 42, 48, 49, 55, 86, 87, 95, 96, 105, 160, 161, 166, 172, 173, 177, 181, 185, 189, 197, 203, 214, 231, 232, 257], "summary": {"covered_lines": 45, "num_statements": 124, "percent_covered": 36.29032258064516, "missing_lines": 79, "excluded_lines": 0}, "missing_lines": [22, 35, 36, 37, 38, 45, 52, 80, 81, 82, 83, 92, 102, 142, 143, 144, 145, 146, 147, 148, 149, 151, 152, 153, 156, 157, 168, 169, 170, 175, 179, 183, 187, 191, 192, 193, 194, 195, 199, 204, 205, 206, 207, 209, 210, 211, 212, 220, 221, 222, 224, 228, 239, 241, 242, 243, 244, 245, 246, 247, 248, 249, 250, 252, 254, 255, 263, 265, 268, 269, 270, 271, 272, 278, 279, 280, 281, 282, 284], "excluded_lines": []}, "env/lib/python3.8/site-packages/_pytest/reports.py": {"executed_lines": [1, 2, 3, 4, 5, 6, 7, 8, 9, 10, 11, 13, 14, 16, 17, 18, 19, 20, 21, 22, 23, 24, 25, 26, 27, 28, 29, 30, 31, 32, 34, 42, 54, 57, 58, 59, 61, 62, 63, 65, 68, 73, 90, 95, 96, 110, 111, 120, 121, 130, 131, 140, 141, 142, 144, 145, 148, 149, 161, 163, 164, 186, 192, 203, 204, 217, 231, 232, 236, 238, 252, 257, 261, 264, 267, 270, 274, 280, 283, 285, 287, 292, 293, 297, 299, 300, 301, 302, 303, 304, 305, 307, 324, 325, 326, 339, 340, 342, 344, 354, 357, 360, 363, 369, 371, 373, 374, 377, 383, 384, 387, 391, 401, 415, 487], "summary": {"covered_lines": 113, "num_statements": 272, "percent_covered": 41.544117647058826, "missing_lines": 159, "excluded_lines": 0}, "missing_lines": [35, 36, 37, 39, 43, 44, 45, 46, 47, 48, 51, 66, 70, 71, 74, 75, 77, 78, 79, 81, 82, 84, 85, 86, 87, 88, 91, 92, 93, 103, 104, 105, 106, 107, 108, 116, 126, 136, 146, 181, 182, 183, 184, 187, 190, 201, 213, 214, 220, 221, 222, 223, 224, 225, 226, 227, 228, 288, 309, 310, 311, 312, 313, 314, 315, 317, 318, 319, 321, 375, 378, 385, 388, 394, 395, 396, 397, 398, 404, 405, 406, 407, 408, 409, 412, 423, 426, 427, 428, 429, 430, 431, 433, 434, 435, 438, 440, 443, 444, 446, 448, 449, 450, 455, 456, 457, 458, 466, 467, 469, 470, 471, 474, 476, 478, 479, 480, 481, 482, 483, 484, 494, 495, 496, 497, 498, 499, 500, 501, 502, 503, 504, 505, 506, 508, 515, 516, 518, 519, 521, 522, 525, 527, 528, 529, 531, 533, 539, 542, 543, 544, 545, 548, 555, 559, 561, 562, 563, 565], "excluded_lines": []}, "env/lib/python3.8/site-packages/_pytest/resultlog.py": {"executed_lines": [1, 4, 6, 8, 9, 10, 11, 12, 13, 16, 19, 20, 21, 31, 32, 34, 48, 49, 50, 56, 57, 61, 66, 72, 92, 103], "summary": {"covered_lines": 25, "num_statements": 73, "percent_covered": 34.24657534246575, "missing_lines": 48, "excluded_lines": 0}, "missing_lines": [35, 36, 37, 38, 39, 40, 42, 43, 45, 51, 52, 53, 58, 59, 62, 63, 64, 67, 68, 69, 70, 73, 74, 75, 78, 79, 80, 81, 82, 83, 84, 85, 86, 87, 89, 90, 93, 94, 95, 96, 98, 99, 100, 101, 104, 105, 107, 108], "excluded_lines": []}, "env/lib/python3.8/site-packages/_pytest/runner.py": {"executed_lines": [1, 2, 3, 4, 5, 6, 7, 8, 9, 10, 11, 12, 13, 14, 16, 18, 19, 20, 21, 22, 23, 24, 25, 26, 27, 28, 29, 30, 31, 32, 34, 45, 46, 47, 57, 58, 59, 60, 61, 89, 90, 93, 94, 97, 98, 99, 100, 101, 102, 105, 108, 109, 111, 112, 113, 114, 116, 117, 118, 121, 122, 123, 124, 127, 139, 140, 141, 144, 145, 146, 147, 150, 151, 152, 153, 164, 165, 166, 167, 170, 178, 179, 180, 182, 183, 185, 188, 189, 190, 193, 196, 197, 204, 207, 208, 209, 210, 211, 212, 214, 217, 220, 222, 232, 235, 236, 237, 238, 239, 240, 243, 244, 245, 246, 251, 254, 255, 256, 267, 268, 269, 270, 271, 272, 274, 275, 276, 281, 283, 284, 290, 291, 292, 293, 294, 301, 302, 303, 304, 313, 319, 320, 323, 324, 326, 327, 328, 348, 349, 350, 351, 354, 355, 357, 358, 359, 361, 363, 364, 366, 368, 369, 370, 372, 373, 374, 375, 376, 377, 378, 384, 387, 388, 389, 390, 393, 394, 396, 398, 400, 401, 402, 404, 405, 406, 407, 409, 410, 416, 419, 423, 428, 429, 430, 431, 432, 438, 439, 440, 441, 442, 443, 445], "summary": {"covered_lines": 200, "num_statements": 295, "percent_covered": 67.79661016949153, "missing_lines": 95, "excluded_lines": 0}, "missing_lines": [35, 36, 38, 39, 62, 63, 64, 65, 66, 67, 68, 69, 70, 71, 72, 73, 75, 76, 78, 79, 80, 81, 85, 86, 110, 115, 129, 130, 131, 132, 133, 134, 135, 136, 148, 149, 154, 156, 157, 158, 160, 161, 192, 194, 213, 223, 225, 226, 228, 229, 242, 277, 295, 296, 297, 298, 299, 314, 315, 316, 330, 331, 332, 334, 335, 336, 337, 338, 339, 340, 341, 343, 344, 345, 346, 347, 379, 382, 383, 385, 391, 395, 397, 408, 411, 414, 415, 417, 424, 425, 426, 433, 434, 435, 444], "excluded_lines": []}, "env/lib/python3.8/site-packages/_pytest/setuponly.py": {"executed_lines": [1, 2, 3, 5, 6, 7, 8, 9, 10, 11, 14, 15, 16, 22, 30, 31, 34, 35, 50, 51, 52, 53, 59, 90, 91, 92, 94], "summary": {"covered_lines": 27, "num_statements": 56, "percent_covered": 48.214285714285715, "missing_lines": 29, "excluded_lines": 0}, "missing_lines": [36, 39, 40, 41, 43, 45, 46, 47, 54, 55, 56, 60, 61, 62, 63, 65, 66, 67, 68, 76, 77, 78, 79, 81, 82, 84, 86, 87, 93], "excluded_lines": []}, "env/lib/python3.8/site-packages/_pytest/setupplan.py": {"executed_lines": [1, 2, 4, 5, 6, 7, 8, 9, 12, 13, 14, 23, 24, 28, 32, 35, 36, 37, 40], "summary": {"covered_lines": 19, "num_statements": 24, "percent_covered": 79.16666666666667, "missing_lines": 5, "excluded_lines": 0}, "missing_lines": [29, 30, 31, 38, 39], "excluded_lines": []}, "env/lib/python3.8/site-packages/_pytest/skipping.py": {"executed_lines": [1, 2, 3, 4, 5, 6, 7, 8, 10, 12, 13, 14, 15, 16, 17, 18, 19, 20, 21, 22, 23, 25, 29, 30, 31, 39, 48, 49, 62, 68, 75, 87, 152, 153, 154, 156, 159, 161, 178, 187, 190, 191, 192, 194, 195, 196, 197, 200, 202, 222, 226, 228, 229, 232, 233, 234, 235, 236, 239, 240, 244, 245, 246, 247, 248, 250, 253, 256, 257, 258, 261, 262, 263, 264, 265, 267, 274, 276, 280, 296, 310, 311, 316], "summary": {"covered_lines": 80, "num_statements": 175, "percent_covered": 45.714285714285715, "missing_lines": 95, "excluded_lines": 0}, "missing_lines": [26, 51, 53, 54, 56, 57, 59, 60, 97, 98, 104, 105, 106, 107, 108, 109, 110, 111, 117, 118, 119, 124, 128, 129, 130, 131, 135, 137, 138, 139, 140, 143, 147, 149, 162, 163, 165, 168, 169, 170, 173, 174, 175, 176, 179, 180, 181, 182, 184, 185, 203, 204, 205, 206, 207, 209, 212, 213, 214, 217, 218, 219, 220, 237, 241, 251, 268, 269, 270, 272, 273, 275, 277, 278, 279, 281, 282, 283, 284, 286, 287, 288, 289, 290, 291, 293, 294, 304, 305, 306, 307, 312, 313, 314, 315], "excluded_lines": []}, "env/lib/python3.8/site-packages/_pytest/stepwise.py": {"executed_lines": [1, 2, 4, 5, 6, 7, 8, 9, 12, 13, 14, 21, 29, 30, 31, 34, 35, 36, 37, 38, 39, 41, 46, 47, 49, 52, 53, 84, 85, 86, 111, 112, 114, 116, 117, 118, 122], "summary": {"covered_lines": 37, "num_statements": 70, "percent_covered": 52.857142857142854, "missing_lines": 33, "excluded_lines": 0}, "missing_lines": [42, 43, 44, 54, 55, 56, 58, 59, 62, 63, 64, 65, 67, 71, 72, 73, 75, 79, 80, 82, 88, 89, 92, 93, 95, 98, 99, 100, 106, 108, 109, 113, 119], "excluded_lines": []}, "env/lib/python3.8/site-packages/_pytest/store.py": {"executed_lines": [1, 2, 3, 4, 5, 6, 9, 12, 13, 16, 17, 24, 27, 28, 83, 85, 86, 88, 90, 92, 97, 99, 102, 103, 104, 105, 107, 116, 121, 123, 125], "summary": {"covered_lines": 29, "num_statements": 34, "percent_covered": 85.29411764705883, "missing_lines": 5, "excluded_lines": 0}, "missing_lines": [110, 111, 112, 113, 114], "excluded_lines": []}, "env/lib/python3.8/site-packages/_pytest/terminal.py": {"executed_lines": [1, 5, 6, 7, 8, 9, 10, 11, 12, 13, 14, 15, 16, 17, 18, 19, 20, 21, 22, 23, 25, 26, 27, 28, 30, 31, 32, 33, 34, 35, 36, 37, 38, 39, 40, 41, 42, 43, 44, 45, 46, 47, 48, 50, 56, 58, 69, 72, 73, 80, 88, 97, 110, 111, 112, 120, 127, 134, 142, 149, 161, 169, 177, 186, 195, 202, 211, 218, 225, 226, 227, 228, 237, 238, 240, 241, 242, 243, 245, 247, 249, 251, 252, 254, 255, 259, 262, 263, 264, 265, 266, 270, 271, 275, 278, 279, 280, 289, 290, 291, 294, 296, 301, 303, 304, 305, 306, 307, 309, 315, 316, 317, 319, 320, 321, 322, 324, 325, 326, 327, 328, 330, 331, 332, 333, 334, 335, 336, 337, 338, 339, 340, 342, 343, 344, 345, 347, 348, 352, 355, 358, 360, 361, 362, 368, 369, 370, 371, 373, 374, 375, 377, 378, 379, 381, 382, 383, 385, 386, 387, 388, 391, 392, 395, 396, 397, 399, 400, 401, 403, 404, 407, 408, 410, 411, 412, 413, 414, 416, 425, 426, 427, 428, 430, 431, 433, 434, 436, 437, 439, 440, 442, 451, 452, 453, 454, 457, 458, 460, 467, 468, 470, 473, 476, 477, 478, 479, 480, 482, 487, 490, 492, 493, 495, 498, 500, 501, 508, 511, 516, 520, 521, 522, 524, 525, 526, 527, 530, 531, 534, 535, 536, 538, 539, 540, 541, 542, 543, 552, 553, 573, 575, 576, 577, 578, 580, 581, 582, 583, 587, 589, 591, 592, 601, 602, 603, 604, 612, 613, 618, 619, 620, 621, 622, 623, 625, 626, 628, 630, 631, 632, 633, 634, 638, 639, 641, 643, 644, 645, 646, 648, 649, 652, 654, 655, 659, 662, 663, 664, 665, 666, 667, 670, 673, 675, 677, 679, 681, 682, 683, 684, 688, 689, 690, 691, 692, 694, 695, 696, 697, 698, 699, 702, 705, 711, 712, 715, 717, 720, 721, 722, 724, 725, 727, 730, 731, 734, 736, 737, 739, 741, 742, 744, 747, 749, 761, 798, 799, 802, 803, 804, 805, 812, 813, 816, 818, 821, 823, 825, 826, 827, 828, 829, 830, 831, 832, 834, 836, 839, 840, 843, 859, 881, 887, 899, 900, 901, 904, 906, 907, 908, 911, 914, 915, 916, 918, 919, 920, 921, 923, 926, 927, 929, 930, 931, 932, 933, 934, 936, 937, 948, 949, 950, 951, 952, 953, 954, 955, 956, 959, 960, 961, 963, 964, 965, 977, 985, 989, 1002, 1003, 1004, 1005, 1006, 1019, 1020, 1021, 1022, 1023, 1034, 1047, 1048, 1051, 1052, 1053, 1055, 1056, 1057, 1058, 1059, 1060, 1061, 1062, 1063, 1065, 1066, 1067, 1068, 1069, 1070, 1072, 1073, 1074, 1075, 1076, 1077, 1079, 1080, 1084, 1085, 1088, 1089, 1090, 1091, 1098, 1108, 1116, 1133, 1142, 1143, 1144, 1145, 1146, 1148, 1153, 1154, 1155, 1156, 1157, 1158, 1160, 1161, 1162, 1164, 1165, 1170, 1172, 1173, 1174, 1175, 1176, 1178, 1179, 1181, 1182, 1184, 1185, 1186, 1187, 1188, 1191, 1192, 1193, 1195, 1198, 1201, 1206, 1245, 1274, 1280, 1283, 1285, 1286, 1291, 1293, 1296, 1311, 1313, 1314], "summary": {"covered_lines": 505, "num_statements": 855, "percent_covered": 59.06432748538012, "missing_lines": 350, "excluded_lines": 0}, "missing_lines": [51, 53, 104, 105, 107, 230, 231, 232, 234, 244, 246, 248, 250, 256, 257, 267, 268, 272, 273, 302, 308, 311, 312, 329, 349, 350, 356, 359, 363, 364, 366, 389, 393, 409, 417, 418, 419, 420, 421, 422, 423, 438, 456, 471, 474, 483, 484, 485, 502, 506, 509, 517, 518, 519, 532, 544, 545, 546, 547, 548, 549, 551, 555, 556, 557, 558, 559, 560, 562, 563, 564, 565, 569, 570, 571, 572, 584, 585, 594, 595, 596, 597, 598, 599, 605, 606, 607, 608, 609, 610, 616, 635, 636, 640, 642, 650, 660, 669, 674, 676, 678, 680, 686, 693, 700, 701, 710, 728, 732, 733, 738, 750, 751, 752, 753, 755, 756, 757, 758, 759, 765, 766, 767, 768, 769, 770, 771, 772, 774, 775, 776, 777, 778, 779, 780, 781, 782, 783, 784, 785, 786, 787, 788, 789, 790, 791, 792, 793, 794, 795, 796, 817, 819, 820, 822, 837, 841, 844, 845, 846, 847, 848, 849, 850, 851, 853, 854, 860, 861, 862, 863, 864, 865, 866, 867, 871, 872, 873, 876, 878, 879, 882, 883, 884, 885, 888, 889, 890, 891, 892, 893, 894, 902, 903, 912, 939, 940, 941, 942, 943, 958, 966, 967, 968, 969, 970, 971, 972, 973, 974, 975, 978, 979, 986, 987, 990, 991, 992, 993, 994, 995, 996, 997, 998, 999, 1000, 1007, 1008, 1009, 1010, 1011, 1013, 1014, 1015, 1016, 1017, 1024, 1025, 1026, 1027, 1028, 1030, 1031, 1032, 1035, 1036, 1037, 1038, 1039, 1040, 1041, 1042, 1043, 1044, 1045, 1049, 1082, 1086, 1092, 1093, 1094, 1095, 1096, 1099, 1100, 1101, 1102, 1103, 1104, 1105, 1106, 1109, 1110, 1111, 1112, 1113, 1114, 1117, 1118, 1119, 1120, 1121, 1122, 1123, 1124, 1125, 1126, 1131, 1149, 1150, 1151, 1163, 1166, 1167, 1169, 1177, 1196, 1202, 1203, 1210, 1211, 1213, 1214, 1215, 1216, 1218, 1220, 1222, 1223, 1224, 1227, 1228, 1229, 1230, 1232, 1233, 1234, 1235, 1236, 1237, 1238, 1239, 1240, 1241, 1242, 1248, 1249, 1250, 1251, 1252, 1254, 1255, 1259, 1264, 1266, 1267, 1268, 1269, 1270, 1271, 1297, 1298, 1300, 1302, 1303, 1306, 1307, 1308, 1316, 1317], "excluded_lines": []}, "env/lib/python3.8/site-packages/_pytest/timing.py": {"executed_lines": [1, 9, 10, 11, 13], "summary": {"covered_lines": 4, "num_statements": 4, "percent_covered": 100.0, "missing_lines": 0, "excluded_lines": 0}, "missing_lines": [], "excluded_lines": []}, "env/lib/python3.8/site-packages/_pytest/tmpdir.py": {"executed_lines": [1, 2, 3, 4, 5, 7, 8, 10, 11, 12, 13, 14, 15, 16, 17, 18, 21, 22, 23, 27, 37, 38, 40, 41, 45, 49, 57, 81, 107, 108, 109, 114, 116, 122, 127, 139, 146, 147, 148, 149, 150, 151, 154, 155, 162, 163, 170, 178, 179, 191, 192], "summary": {"covered_lines": 48, "num_statements": 91, "percent_covered": 52.747252747252745, "missing_lines": 43, "excluded_lines": 0}, "missing_lines": [50, 51, 52, 55, 72, 73, 74, 75, 77, 78, 79, 83, 84, 86, 87, 88, 89, 91, 92, 93, 96, 97, 98, 101, 102, 103, 104, 120, 124, 131, 133, 134, 135, 136, 159, 167, 171, 172, 173, 174, 175, 188, 204], "excluded_lines": []}, "env/lib/python3.8/site-packages/_pytest/unittest.py": {"executed_lines": [1, 2, 3, 4, 5, 6, 7, 8, 9, 10, 11, 12, 14, 15, 16, 17, 18, 19, 20, 21, 22, 23, 24, 25, 26, 27, 28, 29, 30, 31, 32, 34, 46, 50, 51, 55, 56, 62, 65, 67, 98, 114, 142, 143, 144, 145, 147, 156, 163, 166, 199, 209, 214, 221, 232, 237, 240, 243, 252, 282, 291, 292, 293, 301, 302, 318, 319, 320, 345, 348, 358], "summary": {"covered_lines": 70, "num_statements": 229, "percent_covered": 30.56768558951965, "missing_lines": 159, "excluded_lines": 0}, "missing_lines": [35, 36, 38, 40, 53, 54, 58, 59, 68, 70, 71, 72, 74, 75, 76, 77, 79, 80, 81, 82, 83, 84, 85, 86, 87, 88, 90, 91, 92, 93, 95, 96, 101, 104, 105, 107, 110, 111, 117, 118, 119, 120, 122, 123, 124, 125, 126, 127, 128, 129, 131, 132, 133, 134, 135, 137, 139, 149, 150, 151, 152, 153, 154, 157, 158, 159, 160, 161, 164, 168, 169, 170, 173, 174, 175, 176, 177, 178, 179, 184, 185, 186, 187, 188, 193, 194, 195, 196, 197, 202, 203, 204, 205, 206, 207, 212, 215, 216, 217, 218, 219, 227, 228, 229, 230, 235, 238, 241, 246, 249, 250, 253, 255, 257, 260, 262, 270, 271, 272, 276, 277, 278, 280, 283, 284, 287, 288, 294, 295, 296, 297, 298, 299, 307, 309, 312, 321, 322, 323, 325, 328, 329, 331, 332, 333, 334, 335, 338, 339, 341, 342, 343, 349, 350, 351, 352, 354, 355, 360], "excluded_lines": []}, "env/lib/python3.8/site-packages/_pytest/warning_types.py": {"executed_lines": [1, 2, 3, 5, 7, 9, 13, 14, 16, 19, 20, 22, 25, 26, 28, 31, 32, 34, 37, 38, 40, 43, 44, 46, 49, 50, 56, 58, 59, 60, 67, 68, 75, 78, 79, 84, 87, 90, 91, 92, 98, 99, 101, 106], "summary": {"covered_lines": 34, "num_statements": 36, "percent_covered": 94.44444444444444, "missing_lines": 2, "excluded_lines": 0}, "missing_lines": [10, 103], "excluded_lines": []}, "env/lib/python3.8/site-packages/_pytest/warnings.py": {"executed_lines": [1, 2, 3, 4, 5, 6, 7, 8, 10, 11, 12, 13, 14, 15, 16, 18, 23, 24, 58, 59, 60, 66, 75, 76, 83, 84, 97, 98, 99, 101, 103, 105, 106, 108, 112, 115, 118, 119, 120, 124, 126, 127, 135, 145, 147, 148, 155, 158, 159, 160, 163, 166, 167, 168, 169, 172, 175, 176, 179, 180, 183, 186, 187, 188, 189, 192, 195], "summary": {"covered_lines": 67, "num_statements": 101, "percent_covered": 66.33663366336634, "missing_lines": 34, "excluded_lines": 0}, "missing_lines": [19, 20, 32, 33, 34, 35, 36, 37, 38, 39, 42, 43, 44, 45, 46, 47, 48, 49, 50, 51, 52, 54, 55, 113, 116, 121, 122, 205, 206, 207, 208, 209, 210, 215], "excluded_lines": []}, "env/lib/python3.8/site-packages/attr/__init__.py": {"executed_lines": [1, 3, 5, 6, 7, 8, 19, 22, 23, 25, 26, 27, 28, 29, 31, 32, 34, 35, 38, 39, 40, 43], "summary": {"covered_lines": 22, "num_statements": 22, "percent_covered": 100.0, "missing_lines": 0, "excluded_lines": 0}, "missing_lines": [], "excluded_lines": []}, "env/lib/python3.8/site-packages/attr/_compat.py": {"executed_lines": [1, 3, 4, 5, 6, 9, 10, 13, 14, 21, 101, 103, 116, 117, 119, 121, 122, 124, 125, 128, 134, 144, 145, 146, 154, 157, 160, 161, 166, 170, 197, 201, 205, 208, 209, 211, 214, 216, 219, 220, 221, 227, 230], "summary": {"covered_lines": 42, "num_statements": 82, "percent_covered": 51.21951219512195, "missing_lines": 40, "excluded_lines": 11}, "missing_lines": [16, 18, 22, 23, 27, 28, 31, 33, 34, 37, 42, 44, 48, 50, 54, 56, 60, 62, 66, 68, 72, 74, 78, 80, 84, 86, 88, 89, 90, 91, 108, 158, 174, 175, 176, 177, 195, 217, 224, 225], "excluded_lines": [93, 94, 134, 136, 137, 139, 151, 152, 162, 212, 222]}, "env/lib/python3.8/site-packages/attr/_config.py": {"executed_lines": [1, 4, 6, 9, 19], "summary": {"covered_lines": 5, "num_statements": 9, "percent_covered": 55.55555555555556, "missing_lines": 4, "excluded_lines": 0}, "missing_lines": [13, 14, 16, 23], "excluded_lines": []}, "env/lib/python3.8/site-packages/attr/_funcs.py": {"executed_lines": [1, 3, 5, 6, 7, 10, 85, 116, 149, 150, 151, 152, 153, 154, 156, 157, 167, 185, 209, 212, 215, 224, 227, 265], "summary": {"covered_lines": 24, "num_statements": 79, "percent_covered": 30.379746835443036, "missing_lines": 55, "excluded_lines": 0}, "missing_lines": [44, 45, 46, 47, 48, 49, 50, 51, 52, 55, 56, 57, 65, 66, 67, 79, 81, 82, 89, 91, 92, 93, 94, 102, 103, 104, 112, 113, 155, 158, 168, 169, 186, 187, 211, 244, 246, 251, 252, 253, 254, 255, 256, 261, 262, 281, 282, 283, 284, 285, 286, 287, 288, 289, 290], "excluded_lines": []}, "env/lib/python3.8/site-packages/attr/_make.py": {"executed_lines": [1, 3, 4, 5, 6, 7, 8, 10, 12, 13, 21, 31, 32, 33, 34, 37, 41, 43, 46, 49, 50, 56, 58, 59, 60, 61, 63, 67, 73, 195, 197, 202, 212, 213, 215, 231, 241, 242, 246, 247, 248, 252, 253, 254, 256, 261, 274, 285, 289, 290, 291, 301, 308, 316, 317, 319, 324, 354, 363, 370, 371, 372, 375, 376, 377, 378, 387, 389, 391, 395, 401, 402, 403, 409, 410, 412, 415, 422, 429, 430, 434, 450, 462, 466, 467, 468, 469, 470, 471, 472, 473, 474, 475, 476, 477, 478, 480, 482, 483, 484, 486, 489, 495, 496, 498, 500, 504, 505, 508, 509, 510, 514, 515, 523, 524, 531, 546, 548, 552, 553, 559, 562, 567, 568, 574, 578, 579, 581, 583, 584, 585, 588, 592, 598, 600, 616, 617, 620, 628, 629, 632, 634, 636, 637, 638, 639, 642, 644, 645, 648, 650, 663, 664, 665, 667, 668, 677, 679, 680, 693, 695, 696, 698, 703, 705, 706, 708, 713, 715, 719, 720, 724, 725, 731, 734, 740, 745, 749, 755, 756, 758, 759, 761, 764, 767, 944, 946, 948, 951, 953, 965, 966, 967, 969, 970, 971, 972, 974, 979, 982, 988, 990, 993, 999, 1001, 1002, 1004, 1010, 1014, 1015, 1017, 1020, 1027, 1043, 1048, 1051, 1058, 1062, 1063, 1064, 1067, 1076, 1077, 1081, 1088, 1089, 1093, 1095, 1096, 1098, 1100, 1106, 1110, 1111, 1113, 1115, 1128, 1130, 1131, 1132, 1133, 1134, 1138, 1145, 1148, 1152, 1153, 1156, 1168, 1169, 1171, 1172, 1179, 1180, 1181, 1182, 1183, 1184, 1186, 1188, 1190, 1191, 1192, 1193, 1194, 1198, 1204, 1207, 1208, 1210, 1216, 1225, 1234, 1243, 1252, 1255, 1259, 1260, 1262, 1264, 1267, 1270, 1278, 1284, 1326, 1329, 1333, 1334, 1336, 1337, 1340, 1343, 1345, 1347, 1350, 1351, 1352, 1353, 1355, 1358, 1360, 1364, 1371, 1372, 1374, 1377, 1395, 1397, 1398, 1402, 1405, 1433, 1450, 1454, 1458, 1461, 1472, 1473, 1476, 1477, 1478, 1485, 1486, 1491, 1504, 1505, 1512, 1513, 1519, 1523, 1525, 1526, 1527, 1530, 1531, 1539, 1540, 1545, 1546, 1547, 1553, 1554, 1555, 1559, 1560, 1562, 1563, 1564, 1565, 1566, 1567, 1568, 1571, 1572, 1573, 1574, 1575, 1585, 1591, 1613, 1614, 1617, 1620, 1621, 1622, 1623, 1627, 1628, 1665, 1668, 1669, 1670, 1671, 1675, 1677, 1678, 1680, 1681, 1682, 1683, 1684, 1685, 1686, 1689, 1690, 1691, 1692, 1699, 1713, 1718, 1719, 1729, 1741, 1742, 1753, 1768, 1784, 1787, 1791, 1792, 1793, 1794, 1795, 1796, 1797, 1798, 1799, 1800, 1808, 1809, 1811, 1814, 1815, 1817, 1818, 1823, 1834, 1843, 1844, 1853, 1864, 1873, 1879, 1893, 1908, 1914, 1915, 1923, 1937, 1973, 1975, 1990, 1991, 1992, 1994, 1997, 1998, 1999, 2000, 2001, 2002, 2003, 2004, 2005, 2006, 2008, 2022, 2040, 2043, 2044, 2045, 2059, 2060, 2062, 2067, 2068, 2071, 2136, 2137, 2138, 2142, 2144, 2149], "summary": {"covered_lines": 457, "num_statements": 694, "percent_covered": 65.85014409221903, "missing_lines": 237, "excluded_lines": 0}, "missing_lines": [64, 198, 203, 204, 208, 209, 210, 282, 294, 295, 296, 298, 305, 320, 322, 323, 325, 330, 331, 332, 333, 334, 335, 336, 337, 338, 339, 341, 342, 344, 345, 346, 379, 382, 383, 384, 385, 392, 393, 404, 419, 426, 487, 516, 520, 532, 533, 534, 540, 542, 544, 563, 564, 565, 580, 596, 604, 605, 606, 612, 613, 640, 651, 652, 653, 657, 658, 660, 661, 721, 722, 728, 729, 746, 750, 752, 762, 949, 968, 976, 983, 994, 1005, 1029, 1034, 1055, 1084, 1085, 1116, 1117, 1118, 1121, 1123, 1126, 1161, 1162, 1163, 1165, 1214, 1220, 1221, 1223, 1229, 1230, 1232, 1238, 1239, 1241, 1247, 1248, 1250, 1288, 1289, 1290, 1291, 1292, 1294, 1295, 1296, 1297, 1298, 1299, 1300, 1302, 1304, 1310, 1311, 1312, 1313, 1314, 1315, 1316, 1318, 1319, 1322, 1324, 1396, 1399, 1423, 1424, 1425, 1426, 1427, 1430, 
[...]
 339, 340, 344, 345, 346, 347, 348, 349, 350, 351, 352, 359, 361, 362, 364, 366, 375, 376, 377, 378, 379, 383, 384, 385, 386, 387, 388, 391, 394, 395, 396, 397, 398, 399, 401, 404, 407, 408, 409, 410, 412, 414, 416, 417, 419, 420, 421, 422, 423, 424, 425, 426, 427, 428, 429, 430, 432, 434, 437, 440, 443, 463, 466, 467, 470, 471, 472, 476, 478, 482, 486, 493, 495, 497, 505, 506, 507, 508, 509, 510, 511, 512, 513, 518, 519, 521, 528, 542, 564, 565, 566, 568, 570, 571, 573, 574, 575, 576, 584, 589, 590, 592, 594, 596, 597, 598, 599, 601, 602, 611, 612, 613, 614, 628, 629, 630, 631, 633, 634, 635, 636, 645, 646, 647, 648, 651, 652, 653, 656, 667, 668, 669, 687, 688, 689, 690, 691, 697, 698, 699, 700, 703, 704, 705, 726, 727, 729, 731, 732, 733, 735, 738, 739, 740, 742, 743, 744, 745, 746, 749, 750, 751, 752, 754, 755, 756, 757, 758, 763, 764, 765, 766, 767, 769, 772, 775, 776, 777, 778, 779, 781, 784, 785, 788, 789, 790, 793, 794, 822, 823, 824, 827, 844, 845, 846, 847, 850, 851, 862, 873, 962, 963, 964, 965, 967, 968, 969, 971, 973, 974, 975, 976, 977, 979, 980, 981, 982, 991, 992, 993, 994, 995, 996, 1007, 1008, 1009, 1011, 1015, 1016, 1017, 1026, 1027, 1028, 1029, 1030, 1031, 1032, 1036, 1037, 1038, 1039, 1041, 1042, 1043, 1044, 1048, 1050, 1052, 1058, 1060, 1067, 1068, 1070, 1071, 1077, 1085, 1093, 1095, 1096, 1097, 1098, 1099, 1100, 1102, 1103, 1104, 1105, 1107, 1117], "excluded_lines": []}, "env/lib/python3.8/site-packages/werkzeug/test.py": {"executed_lines": [2, 11, 12, 13, 14, 15, 16, 17, 19, 20, 21, 22, 23, 24, 25, 26, 27, 28, 29, 30, 31, 32, 33, 34, 35, 36, 37, 38, 39, 40, 41, 42, 43, 44, 45, 46, 47, 49, 50, 54, 55, 60, 136, 146, 148, 151, 152, 154, 162, 163, 164, 165, 167, 170, 172, 176, 177, 179, 180, 183, 185, 189, 193, 195, 198, 200, 204, 209, 228, 229, 308, 311, 314, 316, 319, 320, 322, 343, 344, 346, 348, 349, 350, 351, 352, 353, 356, 357, 360, 361, 362, 363, 366, 367, 369, 370, 371, 372, 373, 374, 375, 376, 377, 378, 379, 381, 390, 408, 411, 412, 438, 445, 446, 449, 450, 456, 457, 458, 463, 464, 466, 467, 468, 470, 471, 476, 477, 478, 480, 482, 485, 486, 492, 493, 498, 499, 501, 502, 505, 506, 520, 521, 526, 528, 529, 530, 531, 535, 542, 545, 547, 548, 549, 551, 553, 563, 564, 568, 569, 572, 573, 577, 579, 580, 583, 584, 588, 590, 591, 592, 593, 594, 596, 597, 601, 602, 603, 607, 608, 612, 613, 621, 622, 623, 624, 626, 627, 629, 631, 632, 634, 635, 637, 639, 641, 642, 643, 647, 652, 653, 654, 655, 658, 663, 665, 673, 674, 676, 677, 679, 685, 691, 698, 700, 701, 702, 704, 705, 707, 709, 733, 735, 739, 743, 746, 747, 749, 751, 762, 763, 768, 769, 801, 808, 809, 810, 811, 814, 816, 851, 857, 859, 860, 861, 862, 863, 864, 866, 929, 954, 955, 956, 957, 958, 959, 961, 962, 963, 970, 973, 975, 976, 980, 997, 998, 999, 1001, 1003, 1005, 1006, 1008, 1013, 1018, 1023, 1028, 1033, 1038, 1043, 1047, 1069, 1086, 1087, 1088, 1090, 1091, 1093, 1094, 1096, 1097, 1098, 1102, 1114, 1115, 1116, 1117, 1118, 1119, 1120, 1121, 1123], "summary": {"covered_lines": 294, "num_statements": 542, "percent_covered": 54.24354243542435, "missing_lines": 248, "excluded_lines": 0}, "missing_lines": [51, 52, 56, 57, 67, 68, 69, 71, 73, 74, 75, 76, 78, 79, 80, 82, 83, 84, 85, 86, 87, 90, 92, 93, 95, 96, 98, 99, 100, 101, 102, 103, 104, 105, 106, 111, 112, 114, 115, 117, 118, 119, 120, 122, 123, 125, 126, 127, 128, 129, 131, 132, 133, 140, 143, 155, 156, 157, 158, 159, 160, 166, 196, 215, 216, 217, 218, 220, 221, 222, 223, 225, 345, 347, 354, 358, 359, 364, 365, 368, 382, 383, 385, 387, 388, 391, 392, 393, 394, 395, 396, 397, 398, 399, 400, 402, 403, 404, 406, 409, 418, 419, 435, 436, 440, 441, 443, 447, 454, 459, 460, 461, 465, 479, 481, 483, 487, 488, 490, 503, 514, 515, 517, 518, 533, 543, 560, 561, 566, 570, 581, 604, 605, 609, 610, 615, 616, 617, 618, 619, 636, 638, 644, 645, 656, 657, 659, 660, 661, 662, 680, 681, 682, 683, 684, 686, 687, 690, 693, 694, 695, 696, 736, 737, 740, 741, 744, 757, 758, 759, 813, 834, 835, 847, 848, 849, 853, 870, 871, 873, 874, 876, 878, 879, 883, 886, 887, 888, 889, 891, 893, 894, 896, 898, 902, 903, 905, 908, 910, 911, 914, 915, 916, 917, 921, 922, 924, 925, 927, 960, 964, 965, 966, 968, 984, 985, 986, 988, 989, 990, 991, 992, 993, 1000, 1010, 1011, 1015, 1016, 1020, 1021, 1025, 1026, 1030, 1031, 1035, 1036, 1040, 1041, 1044, 1062, 1063, 1064, 1066, 1092, 1103, 1104, 1106, 1107], "excluded_lines": []}, "env/lib/python3.8/site-packages/werkzeug/urls.py": {"executed_lines": [2, 18, 19, 20, 21, 23, 24, 25, 26, 27, 28, 29, 30, 31, 32, 33, 36, 39, 48, 49, 52, 55, 60, 61, 63, 65, 70, 71, 76, 78, 79, 85, 86, 87, 88, 91, 93, 94, 98, 99, 102, 103, 105, 106, 112, 113, 121, 122, 126, 128, 129, 137, 138, 142, 144, 151, 158, 165, 167, 169, 171, 172, 174, 183, 185, 187, 197, 208, 268, 269, 271, 273, 274, 275, 276, 281, 282, 283, 284, 286, 287, 289, 302, 303, 304, 309, 310, 311, 312, 313, 315, 318, 320, 321, 323, 324, 326, 335, 337, 339, 352, 353, 355, 356, 357, 358, 359, 361, 364, 368, 381, 384, 385, 386, 388, 389, 391, 392, 393, 395, 396, 397, 398, 402, 412, 415, 416, 418, 419, 421, 431, 432, 433, 438, 451, 452, 454, 455, 456, 457, 458, 461, 462, 464, 466, 467, 468, 469, 470, 471, 472, 473, 478, 480, 483, 484, 487, 498, 499, 501, 502, 504, 505, 507, 509, 517, 520, 521, 524, 528, 539, 541, 542, 543, 544, 545, 546, 547, 548, 549, 550, 551, 554, 557, 565, 568, 575, 576, 577, 583, 584, 586, 587, 588, 589, 590, 591, 593, 595, 598, 608, 609, 610, 611, 614, 634, 650, 654, 657, 658, 659, 660, 661, 665, 668, 680, 683, 703, 706, 707, 708, 709, 710, 714, 717, 755, 758, 771, 772, 773, 774, 775, 780, 842, 896, 915, 938, 939, 942, 979, 1046, 1047, 1097, 1105, 1113], "summary": {"covered_lines": 241, "num_statements": 462, "percent_covered": 52.16450216450217, "missing_lines": 221, "excluded_lines": 0}, "missing_lines": [68, 89, 90, 100, 101, 110, 117, 118, 119, 133, 134, 135, 149, 156, 163, 170, 173, 184, 195, 206, 226, 227, 229, 230, 232, 233, 234, 236, 238, 239, 240, 241, 242, 244, 249, 250, 251, 252, 254, 255, 256, 257, 259, 261, 263, 264, 266, 270, 277, 278, 279, 288, 291, 292, 293, 295, 296, 297, 298, 299, 316, 322, 325, 336, 343, 362, 366, 372, 403, 405, 406, 407, 409, 410, 420, 422, 423, 424, 425, 426, 427, 428, 434, 435, 476, 479, 481, 510, 514, 515, 525, 540, 553, 585, 592, 594, 627, 628, 630, 631, 655, 672, 674, 675, 677, 704, 756, 761, 762, 763, 766, 767, 768, 769, 827, 828, 830, 831, 832, 833, 834, 835, 880, 882, 883, 885, 886, 888, 889, 891, 893, 897, 898, 899, 900, 901, 902, 903, 905, 906, 907, 908, 909, 910, 911, 912, 969, 970, 971, 972, 973, 974, 975, 976, 987, 988, 989, 990, 992, 993, 995, 996, 997, 998, 1000, 1003, 1004, 1005, 1006, 1007, 1008, 1010, 1011, 1012, 1013, 1014, 1015, 1017, 1021, 1022, 1025, 1027, 1028, 1029, 1030, 1031, 1032, 1033, 1035, 1038, 1039, 1040, 1042, 1043, 1098, 1099, 1100, 1101, 1102, 1103, 1106, 1107, 1108, 1109, 1110, 1111, 1114, 1115, 1116, 1117, 1118, 1119, 1122, 1129, 1130, 1131, 1132, 1133, 1134, 1135, 1138], "excluded_lines": []}, "env/lib/python3.8/site-packages/werkzeug/useragents.py": {"executed_lines": [2, 14, 17, 18, 20, 43, 69, 70, 75, 76, 77, 82, 104, 105, 180, 182, 190, 193, 196, 199, 201], "summary": {"covered_lines": 19, "num_statements": 43, "percent_covered": 44.18604651162791, "missing_lines": 24, "excluded_lines": 0}, "missing_lines": [83, 84, 85, 86, 88, 89, 90, 91, 92, 93, 95, 96, 97, 98, 100, 101, 183, 184, 185, 186, 191, 194, 197, 202], "excluded_lines": []}, "env/lib/python3.8/site-packages/werkzeug/utils.py": {"executed_lines": [2, 13, 14, 15, 16, 17, 19, 20, 21, 22, 23, 24, 25, 26, 27, 29, 30, 35, 36, 37, 38, 53, 54, 76, 77, 78, 79, 80, 82, 85, 86, 88, 89, 90, 91, 92, 95, 125, 126, 146, 148, 149, 152, 153, 155, 159, 160, 185, 186, 187, 188, 208, 222, 223, 225, 226, 228, 231, 276, 280, 281, 286, 296, 311, 316, 318, 321, 368, 390, 440, 467, 490, 534, 549, 589, 621, 674, 715, 717, 719, 730, 731, 734, 736, 738, 773], "summary": {"covered_lines": 80, "num_statements": 269, "percent_covered": 29.739776951672862, "missing_lines": 189, "excluded_lines": 0}, "missing_lines": [31, 32, 83, 87, 117, 118, 122, 156, 229, 232, 233, 235, 236, 237, 238, 239, 240, 241, 242, 243, 244, 245, 246, 248, 250, 251, 252, 253, 254, 256, 257, 258, 260, 264, 265, 266, 267, 268, 271, 272, 274, 277, 335, 337, 338, 340, 341, 343, 344, 346, 347, 349, 350, 351, 353, 354, 356, 357, 359, 360, 362, 363, 365, 381, 382, 383, 384, 385, 387, 414, 415, 417, 418, 419, 420, 421, 422, 423, 430, 435, 437, 451, 452, 453, 454, 456, 457, 459, 474, 475, 476, 477, 478, 479, 480, 481, 482, 483, 484, 485, 487, 510, 511, 513, 514, 517, 519, 520, 530, 531, 542, 543, 544, 545, 546, 565, 566, 567, 568, 569, 570, 571, 573, 575, 576, 577, 578, 579, 580, 582, 583, 584, 604, 605, 606, 607, 608, 609, 610, 611, 612, 613, 614, 615, 616, 618, 665, 666, 667, 668, 669, 670, 671, 686, 696, 697, 698, 699, 700, 701, 702, 703, 704, 705, 706, 709, 710, 711, 712, 720, 721, 722, 723, 739, 740, 742, 753, 754, 755, 756, 757, 758, 759, 761, 762, 763, 769, 771, 774], "excluded_lines": []}, "env/lib/python3.8/site-packages/werkzeug/wrappers/__init__.py": {"executed_lines": [1, 21, 22, 23, 24, 25, 26, 27, 28, 29, 30, 31, 32, 33, 34, 35, 36], "summary": {"covered_lines": 16, "num_statements": 16, "percent_covered": 100.0, "missing_lines": 0, "excluded_lines": 0}, "missing_lines": [], "excluded_lines": []}, "env/lib/python3.8/site-packages/werkzeug/wrappers/accept.py": {"executed_lines": [1, 2, 3, 4, 5, 8, 9, 15, 16, 22, 23, 31, 32, 39, 40], "summary": {"covered_lines": 14, "num_statements": 18, "percent_covered": 77.77777777777777, "missing_lines": 4, "excluded_lines": 0}, "missing_lines": [20, 27, 37, 48], "excluded_lines": []}, "env/lib/python3.8/site-packages/werkzeug/wrappers/auth.py": {"executed_lines": [1, 2, 3, 6, 7, 12, 13, 19, 20, 22, 23], "summary": {"covered_lines": 9, "num_statements": 18, "percent_covered": 50.0, "missing_lines": 9, "excluded_lines": 0}, "missing_lines": [15, 16, 26, 27, 28, 29, 30, 32, 33], "excluded_lines": []}, "env/lib/python3.8/site-packages/werkzeug/wrappers/base_request.py": {"executed_lines": [1, 2, 4, 5, 6, 7, 8, 9, 10, 11, 12, 13, 14, 15, 16, 17, 18, 19, 20, 21, 22, 23, 24, 25, 28, 29, 74, 77, 88, 99, 110, 117, 127, 131, 143, 149, 151, 152, 153, 154, 155, 157, 170, 171, 179, 180, 208, 209, 245, 274, 275, 283, 298, 333, 345, 352, 353, 356, 359, 362, 363, 383, 392, 393, 410, 411, 428, 464, 465, 483, 484, 494, 495, 517, 518, 521, 528, 529, 535, 536, 546, 547, 551, 552, 559, 560, 566, 567, 575, 576, 583, 584, 592, 593, 599, 606, 614, 615, 627, 628, 632, 638, 645, 649, 654, 659, 668], "summary": {"covered_lines": 106, "num_statements": 198, "percent_covered": 53.535353535353536, "missing_lines": 92, "excluded_lines": 0}, "missing_lines": [161, 162, 163, 164, 165, 166, 168, 177, 198, 200, 201, 202, 203, 204, 206, 232, 234, 235, 236, 237, 238, 239, 240, 241, 243, 267, 281, 289, 308, 309, 311, 313, 314, 315, 316, 317, 318, 322, 330, 331, 340, 341, 342, 343, 354, 357, 360, 380, 381, 403, 417, 418, 426, 453, 454, 455, 456, 457, 458, 459, 460, 461, 462, 480, 481, 487, 488, 489, 490, 491, 492, 514, 515, 533, 541, 544, 549, 554, 557, 564, 571, 581, 588, 597, 619, 620, 623, 624, 625, 630, 669, 670], "excluded_lines": []}, "env/lib/python3.8/site-packages/werkzeug/wrappers/base_response.py": {"executed_lines": [1, 3, 4, 5, 6, 7, 8, 9, 10, 11, 12, 13, 14, 15, 16, 19, 29, 33, 44, 45, 46, 49, 52, 62, 63, 133, 136, 139, 149, 155, 161, 171, 173, 182, 183, 184, 185, 189, 190, 191, 192, 193, 194, 195, 196, 197, 198, 199, 200, 202, 204, 205, 209, 211, 212, 214, 216, 224, 225, 227, 234, 235, 273, 274, 289, 290, 292, 294, 295, 296, 297, 298, 302, 303, 305, 307, 308, 309, 310, 314, 315, 322, 335, 336, 337, 339, 341, 350, 351, 354, 355, 356, 358, 364, 372, 379, 384, 389, 395, 397, 405, 409, 410, 411, 412, 414, 421, 425, 427, 483, 494, 495, 510, 511, 518, 520, 532, 535, 538, 551, 575, 576, 577, 578, 579, 584, 585, 586, 588, 590, 591, 594, 610, 613, 618, 626, 642, 644, 658, 659, 665, 670, 671, 673, 686, 687, 688, 690, 698, 699, 700], "summary": {"covered_lines": 150, "num_statements": 233, "percent_covered": 64.37768240343348, "missing_lines": 83, "excluded_lines": 0}, "missing_lines": [24, 26, 34, 47, 53, 54, 55, 56, 57, 58, 59, 187, 210, 228, 229, 231, 232, 263, 264, 265, 269, 270, 271, 287, 299, 300, 311, 312, 316, 317, 318, 319, 320, 338, 353, 366, 367, 368, 369, 370, 381, 382, 383, 385, 390, 466, 492, 504, 505, 506, 507, 508, 527, 528, 529, 530, 533, 536, 548, 549, 587, 589, 595, 596, 599, 601, 602, 603, 604, 605, 606, 607, 611, 617, 619, 633, 634, 635, 638, 640, 664, 667, 668], "excluded_lines": []}, "env/lib/python3.8/site-packages/werkzeug/wrappers/common_descriptors.py": {"executed_lines": [1, 2, 4, 5, 6, 7, 8, 9, 10, 11, 12, 13, 14, 15, 16, 17, 18, 19, 20, 23, 24, 31, 39, 40, 48, 59, 70, 77, 85, 95, 101, 102, 111, 112, 120, 121, 131, 132, 137, 138, 144, 145, 148, 149, 163, 170, 182, 189, 200, 207, 216, 225, 233, 242, 251, 260, 270, 271, 285, 286, 297, 298, 307, 315, 317, 324, 331, 341], "summary": {"covered_lines": 66, "num_statements": 107, "percent_covered": 61.6822429906542, "missing_lines": 41, "excluded_lines": 0}, "missing_lines": [46, 96, 97, 108, 109, 117, 118, 128, 140, 141, 142, 146, 157, 158, 160, 161, 278, 279, 280, 281, 282, 283, 287, 288, 289, 290, 291, 292, 294, 295, 299, 300, 301, 302, 303, 305, 308, 309, 310, 311, 313], "excluded_lines": []}, "env/lib/python3.8/site-packages/werkzeug/wrappers/cors.py": {"executed_lines": [1, 2, 3, 4, 7, 8, 15, 24, 35, 46, 47, 54, 55, 62, 63, 69, 76, 83, 88, 95], "summary": {"covered_lines": 18, "num_statements": 22, "percent_covered": 81.81818181818181, "missing_lines": 4, "excluded_lines": 0}, "missing_lines": [60, 64, 65, 67], "excluded_lines": []}, "env/lib/python3.8/site-packages/werkzeug/wrappers/etag.py": {"executed_lines": [1, 2, 3, 4, 5, 6, 7, 8, 9, 10, 11, 12, 13, 14, 15, 16, 17, 18, 19, 20, 23, 24, 29, 30, 37, 38, 45, 46, 53, 54, 58, 59, 63, 64, 73, 74, 84, 85, 95, 96, 112, 117, 132, 171, 239, 244, 248, 254, 263, 274, 275, 297, 298], "summary": {"covered_lines": 51, "num_statements": 120, "percent_covered": 42.5, "missing_lines": 69, "excluded_lines": 0}, "missing_lines": [34, 35, 43, 51, 56, 61, 71, 81, 102, 103, 104, 105, 106, 108, 114, 115, 121, 143, 145, 150, 152, 154, 155, 157, 158, 160, 161, 163, 164, 165, 166, 167, 168, 169, 210, 211, 216, 217, 218, 219, 220, 226, 227, 229, 230, 234, 235, 236, 237, 241, 242, 246, 252, 259, 260, 261, 283, 284, 285, 287, 289, 293, 294, 295, 299, 300, 301, 302, 304], "excluded_lines": []}, "env/lib/python3.8/site-packages/werkzeug/wrappers/json.py": {"executed_lines": [1, 3, 4, 6, 7, 8, 10, 11, 12, 13, 16, 17, 18, 30, 31, 37, 38, 47, 48, 60, 62, 63, 71, 72, 83, 92, 94, 139], "summary": {"covered_lines": 27, "num_statements": 70, "percent_covered": 38.57142857142857, "missing_lines": 43, "excluded_lines": 0}, "missing_lines": [19, 20, 22, 23, 25, 26, 28, 32, 33, 34, 35, 39, 41, 42, 44, 69, 76, 77, 84, 85, 86, 88, 110, 111, 113, 114, 116, 118, 119, 120, 121, 122, 124, 125, 126, 128, 130, 131, 132, 134, 135, 137, 145], "excluded_lines": []}, "env/lib/python3.8/site-packages/werkzeug/wrappers/request.py": {"executed_lines": [1, 2, 3, 4, 5, 6, 7, 10, 19, 32, 33, 41, 42, 45, 46], "summary": {"covered_lines": 12, "num_statements": 12, "percent_covered": 100.0, "missing_lines": 0, "excluded_lines": 0}, "missing_lines": [], "excluded_lines": []}, "env/lib/python3.8/site-packages/werkzeug/wrappers/response.py": {"executed_lines": [1, 2, 3, 4, 5, 6, 9, 10, 15, 17, 21, 29, 33, 36, 40, 45, 49, 50, 54, 55, 60, 61, 66, 74], "summary": {"covered_lines": 21, "num_statements": 41, "percent_covered": 51.21951219512195, "missing_lines": 20, "excluded_lines": 0}, "missing_lines": [18, 19, 22, 23, 24, 25, 26, 27, 30, 31, 34, 37, 38, 41, 42, 43, 46, 47, 51, 63], "excluded_lines": []}, "env/lib/python3.8/site-packages/werkzeug/wrappers/user_agent.py": {"executed_lines": [1, 2, 5, 6, 11, 12], "summary": {"covered_lines": 5, "num_statements": 6, "percent_covered": 83.33333333333333, "missing_lines": 1, "excluded_lines": 0}, "missing_lines": [14], "excluded_lines": []}, "env/lib/python3.8/site-packages/werkzeug/wsgi.py": {"executed_lines": [2, 11, 12, 13, 14, 15, 17, 18, 19, 20, 21, 22, 23, 24, 25, 26, 27, 28, 29, 30, 33, 46, 87, 88, 89, 91, 92, 93, 94, 95, 96, 97, 99, 102, 145, 161, 162, 163, 165, 174, 179, 182, 202, 238, 248, 252, 255, 272, 289, 341, 369, 465, 466, 467, 488, 489, 490, 491, 493, 494, 497, 498, 499, 500, 502, 503, 505, 506, 508, 513, 532, 533, 534, 551, 555, 559, 566, 570, 575, 578, 585, 586, 589, 603, 614, 617, 626, 640, 654, 661, 666, 687, 772, 845, 846, 847, 880, 886, 889, 890, 894, 903, 913, 928, 947, 964, 986, 993, 999], "summary": {"covered_lines": 105, "num_statements": 436, "percent_covered": 24.08256880733945, "missing_lines": 331, "excluded_lines": 0}, "missing_lines": [43, 90, 98, 113, 114, 116, 117, 119, 120, 121, 122, 124, 125, 126, 127, 128, 129, 130, 131, 133, 134, 135, 136, 137, 138, 139, 140, 141, 142, 164, 166, 168, 169, 173, 175, 176, 178, 191, 192, 194, 195, 196, 197, 198, 199, 219, 220, 225, 226, 231, 232, 235, 268, 269, 285, 286, 316, 317, 318, 320, 323, 324, 325, 326, 328, 329, 330, 331, 333, 334, 335, 336, 338, 362, 363, 364, 417, 418, 419, 420, 421, 424, 426, 427, 428, 429, 430, 433, 434, 435, 436, 437, 438, 441, 442, 445, 446, 447, 448, 450, 451, 454, 455, 458, 459, 460, 462, 492, 496, 509, 510, 529, 552, 553, 556, 557, 560, 561, 562, 563, 564, 567, 568, 571, 572, 573, 576, 579, 580, 581, 582, 604, 605, 606, 607, 608, 609, 610, 611, 612, 615, 618, 619, 620, 621, 622, 623, 624, 627, 628, 629, 630, 631, 633, 634, 635, 636, 637, 638, 641, 642, 643, 644, 645, 646, 647, 648, 649, 650, 651, 652, 655, 656, 657, 658, 659, 662, 663, 668, 669, 672, 673, 674, 675, 676, 677, 678, 679, 681, 682, 683, 684, 719, 721, 722, 723, 725, 726, 727, 728, 729, 731, 733, 734, 735, 737, 738, 739, 740, 741, 742, 743, 744, 745, 746, 747, 748, 749, 750, 751, 752, 753, 754, 755, 756, 760, 761, 762, 763, 764, 765, 766, 767, 768, 769, 799, 801, 802, 803, 805, 806, 807, 808, 809, 811, 812, 813, 815, 817, 818, 819, 820, 821, 822, 823, 824, 825, 826, 827, 829, 830, 832, 833, 834, 835, 836, 837, 838, 840, 841, 842, 881, 882, 883, 884, 887, 892, 901, 909, 911, 921, 922, 923, 924, 925, 926, 933, 934, 935, 936, 937, 938, 939, 940, 941, 942, 943, 944, 945, 949, 950, 951, 952, 954, 955, 956, 957, 958, 959, 960, 961, 962, 970, 971, 972, 973, 975, 977, 978, 979, 980, 981, 982, 983, 984, 991, 994, 995, 996, 997, 1000], "excluded_lines": []}, "src/__init__.py": {"executed_lines": [1], "summary": {"covered_lines": 0, "num_statements": 0, "percent_covered": 100.0, "missing_lines": 0, "excluded_lines": 0}, "missing_lines": [], "excluded_lines": []}, "src/flaskov/__init__.py": {"executed_lines": [1, 3, 4, 6, 8, 10, 11, 15, 18, 19, 20, 21, 24, 25, 26, 28], "summary": {"covered_lines": 16, "num_statements": 16, "percent_covered": 100.0, "missing_lines": 0, "excluded_lines": 0}, "missing_lines": [], "excluded_lines": []}, "src/flaskov/routes.py": {"executed_lines": [1, 2, 9, 11, 12, 13, 15, 16, 26, 28, 29, 32, 33, 36, 37], "summary": {"covered_lines": 15, "num_statements": 22, "percent_covered": 68.18181818181819, "missing_lines": 7, "excluded_lines": 0}, "missing_lines": [17, 18, 19, 20, 30, 34, 38], "excluded_lines": []}, "src/tests/__init__.py": {"executed_lines": [1], "summary": {"covered_lines": 0, "num_statements": 0, "percent_covered": 100.0, "missing_lines": 0, "excluded_lines": 0}, "missing_lines": [], "excluded_lines": []}, "src/tests/test_routes.py": {"executed_lines": [1, 2, 3, 5, 7, 9, 11, 12, 13, 14, 15, 17, 20, 22, 23, 26, 27, 28], "summary": {"covered_lines": 18, "num_statements": 18, "percent_covered": 100.0, "missing_lines": 0, "excluded_lines": 0}, "missing_lines": [], "excluded_lines": []}}, "totals": {"covered_lines": 25713, "num_statements": 67313, "percent_covered": 38.19915915202115, "missing_lines": 41600, "excluded_lines": 53}}